{"F:\\Hieu\\TTS - VMO\\albumManagement\\app.js": {"path":"F:\\Hieu\\TTS - VMO\\albumManagement\\app.js","statementMap":{"0":{"start":{"line":1,"column":16},"end":{"line":1,"column":34}},"1":{"start":{"line":2,"column":18},"end":{"line":2,"column":56}},"2":{"start":{"line":3,"column":18},"end":{"line":3,"column":58}},"3":{"start":{"line":4,"column":17},"end":{"line":4,"column":36}},"4":{"start":{"line":5,"column":0},"end":{"line":5,"column":57}},"5":{"start":{"line":6,"column":18},"end":{"line":6,"column":58}},"6":{"start":{"line":7,"column":18},"end":{"line":7,"column":59}},"7":{"start":{"line":8,"column":19},"end":{"line":8,"column":41}},"8":{"start":{"line":9,"column":19},"end":{"line":9,"column":62}},"9":{"start":{"line":10,"column":19},"end":{"line":10,"column":62}},"10":{"start":{"line":11,"column":23},"end":{"line":11,"column":75}},"11":{"start":{"line":12,"column":18},"end":{"line":12,"column":47}},"12":{"start":{"line":13,"column":21},"end":{"line":13,"column":45}},"13":{"start":{"line":15,"column":12},"end":{"line":15,"column":21}},"14":{"start":{"line":16,"column":0},"end":{"line":16,"column":12}},"15":{"start":{"line":17,"column":0},"end":{"line":17,"column":27}},"16":{"start":{"line":18,"column":0},"end":{"line":18,"column":51}},"17":{"start":{"line":19,"column":0},"end":{"line":19,"column":19}},"18":{"start":{"line":20,"column":0},"end":{"line":20,"column":19}},"19":{"start":{"line":21,"column":0},"end":{"line":21,"column":20}},"20":{"start":{"line":22,"column":0},"end":{"line":22,"column":20}},"21":{"start":{"line":23,"column":0},"end":{"line":23,"column":24}},"22":{"start":{"line":25,"column":16},"end":{"line":40,"column":1}},"23":{"start":{"line":42,"column":14},"end":{"line":42,"column":35}},"24":{"start":{"line":43,"column":0},"end":{"line":43,"column":62}},"25":{"start":{"line":45,"column":0},"end":{"line":51,"column":3}},"26":{"start":{"line":46,"column":4},"end":{"line":50,"column":5}},"27":{"start":{"line":46,"column":30},"end":{"line":46,"column":79}},"28":{"start":{"line":48,"column":8},"end":{"line":48,"column":25}},"29":{"start":{"line":49,"column":8},"end":{"line":49,"column":28}},"30":{"start":{"line":53,"column":15},"end":{"line":55,"column":2}},"31":{"start":{"line":54,"column":4},"end":{"line":54,"column":50}},"32":{"start":{"line":57,"column":0},"end":{"line":57,"column":33}}},"fnMap":{"0":{"name":"(anonymous_0)","decl":{"start":{"line":45,"column":8},"end":{"line":45,"column":9}},"loc":{"start":{"line":45,"column":33},"end":{"line":51,"column":1}},"line":45},"1":{"name":"(anonymous_1)","decl":{"start":{"line":53,"column":44},"end":{"line":53,"column":45}},"loc":{"start":{"line":53,"column":50},"end":{"line":55,"column":1}},"line":53}},"branchMap":{"0":{"loc":{"start":{"line":46,"column":4},"end":{"line":50,"column":5}},"type":"if","locations":[{"start":{"line":46,"column":4},"end":{"line":50,"column":5}},{"start":{"line":47,"column":9},"end":{"line":50,"column":5}}],"line":46}},"s":{"0":5,"1":5,"2":5,"3":5,"4":5,"5":5,"6":5,"7":5,"8":5,"9":5,"10":5,"11":5,"12":5,"13":5,"14":5,"15":5,"16":5,"17":5,"18":5,"19":5,"20":5,"21":5,"22":5,"23":5,"24":5,"25":5,"26":91,"27":91,"28":0,"29":0,"30":5,"31":5,"32":5},"f":{"0":91,"1":5},"b":{"0":[91,0]},"_coverageSchema":"1a1c01bbd47fc00a2c39e90264f33305004495a9","hash":"62875b74b3913f24c82deb69a5456fc4fe6fddf2"}
,"F:\\Hieu\\TTS - VMO\\albumManagement\\src\\commons\\errorHandling.js": {"path":"F:\\Hieu\\TTS - VMO\\albumManagement\\src\\commons\\errorHandling.js","statementMap":{"0":{"start":{"line":3,"column":8},"end":{"line":3,"column":16}},"1":{"start":{"line":4,"column":8},"end":{"line":4,"column":35}},"2":{"start":{"line":5,"column":8},"end":{"line":5,"column":41}},"3":{"start":{"line":6,"column":8},"end":{"line":6,"column":26}},"4":{"start":{"line":10,"column":0},"end":{"line":10,"column":42}}},"fnMap":{"0":{"name":"(anonymous_0)","decl":{"start":{"line":2,"column":4},"end":{"line":2,"column":5}},"loc":{"start":{"line":2,"column":41},"end":{"line":7,"column":5}},"line":2}},"branchMap":{},"s":{"0":135,"1":135,"2":135,"3":135,"4":14},"f":{"0":135},"b":{},"_coverageSchema":"1a1c01bbd47fc00a2c39e90264f33305004495a9","hash":"6ba752d2ee559ac930478ecc22b9425d21b14504"}
,"F:\\Hieu\\TTS - VMO\\albumManagement\\src\\configs\\database.config.js": {"path":"F:\\Hieu\\TTS - VMO\\albumManagement\\src\\configs\\database.config.js","statementMap":{"0":{"start":{"line":1,"column":17},"end":{"line":1,"column":36}},"1":{"start":{"line":2,"column":0},"end":{"line":2,"column":57}},"2":{"start":{"line":3,"column":18},"end":{"line":12,"column":1}},"3":{"start":{"line":4,"column":4},"end":{"line":11,"column":5}},"4":{"start":{"line":5,"column":8},"end":{"line":8,"column":11}},"5":{"start":{"line":10,"column":8},"end":{"line":10,"column":27}},"6":{"start":{"line":13,"column":0},"end":{"line":13,"column":27}}},"fnMap":{"0":{"name":"(anonymous_0)","decl":{"start":{"line":3,"column":18},"end":{"line":3,"column":19}},"loc":{"start":{"line":3,"column":30},"end":{"line":12,"column":1}},"line":3}},"branchMap":{},"s":{"0":5,"1":5,"2":5,"3":5,"4":5,"5":0,"6":5},"f":{"0":5},"b":{},"_coverageSchema":"1a1c01bbd47fc00a2c39e90264f33305004495a9","hash":"28a87a68f1265cb5bb6b9d3a8a873163937cb61d"}
,"F:\\Hieu\\TTS - VMO\\albumManagement\\src\\modules\\albums\\album.controller.js": {"path":"F:\\Hieu\\TTS - VMO\\albumManagement\\src\\modules\\albums\\album.controller.js","statementMap":{"0":{"start":{"line":1,"column":18},"end":{"line":1,"column":56}},"1":{"start":{"line":2,"column":21},"end":{"line":2,"column":47}},"2":{"start":{"line":4,"column":20},"end":{"line":13,"column":1}},"3":{"start":{"line":5,"column":22},"end":{"line":5,"column":30}},"4":{"start":{"line":6,"column":4},"end":{"line":12,"column":5}},"5":{"start":{"line":7,"column":8},"end":{"line":7,"column":50}},"6":{"start":{"line":8,"column":8},"end":{"line":8,"column":53}},"7":{"start":{"line":10,"column":8},"end":{"line":10,"column":57}},"8":{"start":{"line":11,"column":8},"end":{"line":11,"column":18}},"9":{"start":{"line":15,"column":26},"end":{"line":28,"column":1}},"10":{"start":{"line":16,"column":19},"end":{"line":16,"column":34}},"11":{"start":{"line":17,"column":4},"end":{"line":27,"column":5}},"12":{"start":{"line":18,"column":31},"end":{"line":18,"column":75}},"13":{"start":{"line":19,"column":8},"end":{"line":23,"column":9}},"14":{"start":{"line":20,"column":12},"end":{"line":20,"column":49}},"15":{"start":{"line":22,"column":12},"end":{"line":22,"column":68}},"16":{"start":{"line":25,"column":8},"end":{"line":25,"column":57}},"17":{"start":{"line":26,"column":8},"end":{"line":26,"column":18}},"18":{"start":{"line":30,"column":20},"end":{"line":40,"column":1}},"19":{"start":{"line":31,"column":22},"end":{"line":31,"column":30}},"20":{"start":{"line":32,"column":4},"end":{"line":32,"column":38}},"21":{"start":{"line":33,"column":4},"end":{"line":39,"column":5}},"22":{"start":{"line":34,"column":8},"end":{"line":34,"column":50}},"23":{"start":{"line":35,"column":8},"end":{"line":35,"column":53}},"24":{"start":{"line":37,"column":8},"end":{"line":37,"column":57}},"25":{"start":{"line":38,"column":8},"end":{"line":38,"column":18}},"26":{"start":{"line":42,"column":20},"end":{"line":56,"column":1}},"27":{"start":{"line":43,"column":22},"end":{"line":43,"column":30}},"28":{"start":{"line":44,"column":4},"end":{"line":44,"column":38}},"29":{"start":{"line":45,"column":4},"end":{"line":55,"column":5}},"30":{"start":{"line":46,"column":22},"end":{"line":46,"column":63}},"31":{"start":{"line":47,"column":8},"end":{"line":51,"column":9}},"32":{"start":{"line":48,"column":12},"end":{"line":48,"column":57}},"33":{"start":{"line":50,"column":12},"end":{"line":50,"column":54}},"34":{"start":{"line":53,"column":8},"end":{"line":53,"column":57}},"35":{"start":{"line":54,"column":8},"end":{"line":54,"column":18}},"36":{"start":{"line":58,"column":0},"end":{"line":58,"column":78}}},"fnMap":{"0":{"name":"(anonymous_0)","decl":{"start":{"line":4,"column":20},"end":{"line":4,"column":21}},"loc":{"start":{"line":4,"column":46},"end":{"line":13,"column":1}},"line":4},"1":{"name":"(anonymous_1)","decl":{"start":{"line":15,"column":26},"end":{"line":15,"column":27}},"loc":{"start":{"line":15,"column":52},"end":{"line":28,"column":1}},"line":15},"2":{"name":"(anonymous_2)","decl":{"start":{"line":30,"column":20},"end":{"line":30,"column":21}},"loc":{"start":{"line":30,"column":46},"end":{"line":40,"column":1}},"line":30},"3":{"name":"(anonymous_3)","decl":{"start":{"line":42,"column":20},"end":{"line":42,"column":21}},"loc":{"start":{"line":42,"column":46},"end":{"line":56,"column":1}},"line":42}},"branchMap":{"0":{"loc":{"start":{"line":19,"column":8},"end":{"line":23,"column":9}},"type":"if","locations":[{"start":{"line":19,"column":8},"end":{"line":23,"column":9}},{"start":{"line":21,"column":15},"end":{"line":23,"column":9}}],"line":19},"1":{"loc":{"start":{"line":47,"column":8},"end":{"line":51,"column":9}},"type":"if","locations":[{"start":{"line":47,"column":8},"end":{"line":51,"column":9}},{"start":{"line":49,"column":15},"end":{"line":51,"column":9}}],"line":47}},"s":{"0":5,"1":5,"2":5,"3":4,"4":4,"5":4,"6":1,"7":3,"8":3,"9":5,"10":3,"11":3,"12":3,"13":2,"14":1,"15":1,"16":1,"17":1,"18":5,"19":4,"20":4,"21":4,"22":4,"23":1,"24":3,"25":3,"26":5,"27":3,"28":3,"29":3,"30":3,"31":2,"32":1,"33":1,"34":1,"35":1,"36":5},"f":{"0":4,"1":3,"2":4,"3":3},"b":{"0":[1,1],"1":[1,1]},"_coverageSchema":"1a1c01bbd47fc00a2c39e90264f33305004495a9","hash":"ea89be3070dea31986771784d52e5542c3c3da89"}
,"F:\\Hieu\\TTS - VMO\\albumManagement\\src\\modules\\albums\\album.model.js": {"path":"F:\\Hieu\\TTS - VMO\\albumManagement\\src\\modules\\albums\\album.model.js","statementMap":{"0":{"start":{"line":1,"column":17},"end":{"line":1,"column":36}},"1":{"start":{"line":2,"column":15},"end":{"line":2,"column":30}},"2":{"start":{"line":4,"column":20},"end":{"line":25,"column":2}},"3":{"start":{"line":13,"column":23},"end":{"line":13,"column":33}},"4":{"start":{"line":19,"column":23},"end":{"line":19,"column":33}},"5":{"start":{"line":27,"column":0},"end":{"line":27,"column":54}}},"fnMap":{"0":{"name":"(anonymous_0)","decl":{"start":{"line":13,"column":17},"end":{"line":13,"column":18}},"loc":{"start":{"line":13,"column":23},"end":{"line":13,"column":33}},"line":13},"1":{"name":"(anonymous_1)","decl":{"start":{"line":19,"column":17},"end":{"line":19,"column":18}},"loc":{"start":{"line":19,"column":23},"end":{"line":19,"column":33}},"line":19}},"branchMap":{},"s":{"0":8,"1":8,"2":8,"3":0,"4":0,"5":8},"f":{"0":0,"1":0},"b":{},"_coverageSchema":"1a1c01bbd47fc00a2c39e90264f33305004495a9","hash":"b20c844af9a59126ae6e3cb9799521d6786d98ad"}
,"F:\\Hieu\\TTS - VMO\\albumManagement\\src\\modules\\albums\\album.repository.js": {"path":"F:\\Hieu\\TTS - VMO\\albumManagement\\src\\modules\\albums\\album.repository.js","statementMap":{"0":{"start":{"line":1,"column":14},"end":{"line":1,"column":38}},"1":{"start":{"line":3,"column":22},"end":{"line":5,"column":1}},"2":{"start":{"line":4,"column":4},"end":{"line":4,"column":49}},"3":{"start":{"line":7,"column":24},"end":{"line":9,"column":1}},"4":{"start":{"line":8,"column":4},"end":{"line":8,"column":57}},"5":{"start":{"line":11,"column":20},"end":{"line":16,"column":1}},"6":{"start":{"line":12,"column":4},"end":{"line":15,"column":7}},"7":{"start":{"line":18,"column":20},"end":{"line":28,"column":1}},"8":{"start":{"line":19,"column":4},"end":{"line":27,"column":6}},"9":{"start":{"line":30,"column":20},"end":{"line":32,"column":1}},"10":{"start":{"line":31,"column":4},"end":{"line":31,"column":51}},"11":{"start":{"line":34,"column":0},"end":{"line":40,"column":2}}},"fnMap":{"0":{"name":"(anonymous_0)","decl":{"start":{"line":3,"column":22},"end":{"line":3,"column":23}},"loc":{"start":{"line":3,"column":41},"end":{"line":5,"column":1}},"line":3},"1":{"name":"(anonymous_1)","decl":{"start":{"line":7,"column":24},"end":{"line":7,"column":25}},"loc":{"start":{"line":7,"column":45},"end":{"line":9,"column":1}},"line":7},"2":{"name":"(anonymous_2)","decl":{"start":{"line":11,"column":20},"end":{"line":11,"column":21}},"loc":{"start":{"line":11,"column":41},"end":{"line":16,"column":1}},"line":11},"3":{"name":"(anonymous_3)","decl":{"start":{"line":18,"column":20},"end":{"line":18,"column":21}},"loc":{"start":{"line":18,"column":41},"end":{"line":28,"column":1}},"line":18},"4":{"name":"(anonymous_4)","decl":{"start":{"line":30,"column":20},"end":{"line":30,"column":21}},"loc":{"start":{"line":30,"column":39},"end":{"line":32,"column":1}},"line":30}},"branchMap":{},"s":{"0":8,"1":8,"2":0,"3":8,"4":0,"5":8,"6":0,"7":8,"8":0,"9":8,"10":0,"11":8},"f":{"0":0,"1":0,"2":0,"3":0,"4":0},"b":{},"_coverageSchema":"1a1c01bbd47fc00a2c39e90264f33305004495a9","hash":"e6ca94b686b81172ccd38a49989e9f4452a64d1d"}
,"F:\\Hieu\\TTS - VMO\\albumManagement\\src\\modules\\albums\\album.route.js": {"path":"F:\\Hieu\\TTS - VMO\\albumManagement\\src\\modules\\albums\\album.route.js","statementMap":{"0":{"start":{"line":1,"column":16},"end":{"line":1,"column":34}},"1":{"start":{"line":2,"column":15},"end":{"line":2,"column":31}},"2":{"start":{"line":3,"column":23},"end":{"line":3,"column":62}},"3":{"start":{"line":4,"column":24},"end":{"line":4,"column":53}},"4":{"start":{"line":122,"column":0},"end":{"line":122,"column":63}},"5":{"start":{"line":123,"column":0},"end":{"line":123,"column":68}},"6":{"start":{"line":124,"column":0},"end":{"line":124,"column":66}},"7":{"start":{"line":125,"column":0},"end":{"line":125,"column":69}},"8":{"start":{"line":127,"column":0},"end":{"line":127,"column":24}}},"fnMap":{},"branchMap":{},"s":{"0":5,"1":5,"2":5,"3":5,"4":5,"5":5,"6":5,"7":5,"8":5},"f":{},"b":{},"_coverageSchema":"1a1c01bbd47fc00a2c39e90264f33305004495a9","hash":"e36f4864092dffa050f01f5494d51884a589401e"}
,"F:\\Hieu\\TTS - VMO\\albumManagement\\src\\modules\\albums\\album.service.js": {"path":"F:\\Hieu\\TTS - VMO\\albumManagement\\src\\modules\\albums\\album.service.js","statementMap":{"0":{"start":{"line":1,"column":18},"end":{"line":1,"column":56}},"1":{"start":{"line":2,"column":25},"end":{"line":2,"column":68}},"2":{"start":{"line":3,"column":22},"end":{"line":3,"column":68}},"3":{"start":{"line":4,"column":18},"end":{"line":4,"column":47}},"4":{"start":{"line":5,"column":21},"end":{"line":5,"column":55}},"5":{"start":{"line":7,"column":20},"end":{"line":24,"column":1}},"6":{"start":{"line":8,"column":4},"end":{"line":23,"column":5}},"7":{"start":{"line":9,"column":23},"end":{"line":9,"column":39}},"8":{"start":{"line":10,"column":8},"end":{"line":12,"column":9}},"9":{"start":{"line":11,"column":12},"end":{"line":11,"column":69}},"10":{"start":{"line":13,"column":22},"end":{"line":13,"column":60}},"11":{"start":{"line":14,"column":8},"end":{"line":16,"column":9}},"12":{"start":{"line":15,"column":12},"end":{"line":15,"column":59}},"13":{"start":{"line":18,"column":8},"end":{"line":22,"column":9}},"14":{"start":{"line":19,"column":12},"end":{"line":19,"column":24}},"15":{"start":{"line":21,"column":12},"end":{"line":21,"column":57}},"16":{"start":{"line":26,"column":26},"end":{"line":36,"column":1}},"17":{"start":{"line":27,"column":4},"end":{"line":35,"column":5}},"18":{"start":{"line":28,"column":8},"end":{"line":28,"column":69}},"19":{"start":{"line":30,"column":8},"end":{"line":34,"column":9}},"20":{"start":{"line":31,"column":12},"end":{"line":31,"column":24}},"21":{"start":{"line":33,"column":12},"end":{"line":33,"column":66}},"22":{"start":{"line":38,"column":20},"end":{"line":56,"column":1}},"23":{"start":{"line":39,"column":4},"end":{"line":55,"column":5}},"24":{"start":{"line":40,"column":23},"end":{"line":40,"column":39}},"25":{"start":{"line":41,"column":8},"end":{"line":43,"column":9}},"26":{"start":{"line":42,"column":12},"end":{"line":42,"column":69}},"27":{"start":{"line":44,"column":26},"end":{"line":44,"column":86}},"28":{"start":{"line":45,"column":8},"end":{"line":47,"column":9}},"29":{"start":{"line":46,"column":12},"end":{"line":46,"column":81}},"30":{"start":{"line":48,"column":8},"end":{"line":48,"column":47}},"31":{"start":{"line":50,"column":8},"end":{"line":54,"column":9}},"32":{"start":{"line":51,"column":12},"end":{"line":51,"column":24}},"33":{"start":{"line":53,"column":12},"end":{"line":53,"column":57}},"34":{"start":{"line":58,"column":20},"end":{"line":77,"column":1}},"35":{"start":{"line":59,"column":4},"end":{"line":76,"column":5}},"36":{"start":{"line":60,"column":23},"end":{"line":60,"column":39}},"37":{"start":{"line":61,"column":8},"end":{"line":61,"column":91}},"38":{"start":{"line":62,"column":8},"end":{"line":64,"column":9}},"39":{"start":{"line":63,"column":12},"end":{"line":63,"column":81}},"40":{"start":{"line":65,"column":8},"end":{"line":69,"column":10}},"41":{"start":{"line":71,"column":8},"end":{"line":75,"column":9}},"42":{"start":{"line":72,"column":12},"end":{"line":72,"column":24}},"43":{"start":{"line":74,"column":12},"end":{"line":74,"column":57}},"44":{"start":{"line":79,"column":0},"end":{"line":79,"column":78}}},"fnMap":{"0":{"name":"(anonymous_0)","decl":{"start":{"line":7,"column":20},"end":{"line":7,"column":21}},"loc":{"start":{"line":7,"column":41},"end":{"line":24,"column":1}},"line":7},"1":{"name":"(anonymous_1)","decl":{"start":{"line":26,"column":26},"end":{"line":26,"column":27}},"loc":{"start":{"line":26,"column":44},"end":{"line":36,"column":1}},"line":26},"2":{"name":"(anonymous_2)","decl":{"start":{"line":38,"column":20},"end":{"line":38,"column":21}},"loc":{"start":{"line":38,"column":41},"end":{"line":56,"column":1}},"line":38},"3":{"name":"(anonymous_3)","decl":{"start":{"line":58,"column":20},"end":{"line":58,"column":21}},"loc":{"start":{"line":58,"column":41},"end":{"line":77,"column":1}},"line":58}},"branchMap":{"0":{"loc":{"start":{"line":10,"column":8},"end":{"line":12,"column":9}},"type":"if","locations":[{"start":{"line":10,"column":8},"end":{"line":12,"column":9}},{"start":{},"end":{}}],"line":10},"1":{"loc":{"start":{"line":14,"column":8},"end":{"line":16,"column":9}},"type":"if","locations":[{"start":{"line":14,"column":8},"end":{"line":16,"column":9}},{"start":{},"end":{}}],"line":14},"2":{"loc":{"start":{"line":18,"column":8},"end":{"line":22,"column":9}},"type":"if","locations":[{"start":{"line":18,"column":8},"end":{"line":22,"column":9}},{"start":{"line":20,"column":15},"end":{"line":22,"column":9}}],"line":18},"3":{"loc":{"start":{"line":30,"column":8},"end":{"line":34,"column":9}},"type":"if","locations":[{"start":{"line":30,"column":8},"end":{"line":34,"column":9}},{"start":{"line":32,"column":15},"end":{"line":34,"column":9}}],"line":30},"4":{"loc":{"start":{"line":41,"column":8},"end":{"line":43,"column":9}},"type":"if","locations":[{"start":{"line":41,"column":8},"end":{"line":43,"column":9}},{"start":{},"end":{}}],"line":41},"5":{"loc":{"start":{"line":45,"column":8},"end":{"line":47,"column":9}},"type":"if","locations":[{"start":{"line":45,"column":8},"end":{"line":47,"column":9}},{"start":{},"end":{}}],"line":45},"6":{"loc":{"start":{"line":50,"column":8},"end":{"line":54,"column":9}},"type":"if","locations":[{"start":{"line":50,"column":8},"end":{"line":54,"column":9}},{"start":{"line":52,"column":15},"end":{"line":54,"column":9}}],"line":50},"7":{"loc":{"start":{"line":62,"column":8},"end":{"line":64,"column":9}},"type":"if","locations":[{"start":{"line":62,"column":8},"end":{"line":64,"column":9}},{"start":{},"end":{}}],"line":62},"8":{"loc":{"start":{"line":66,"column":12},"end":{"line":68,"column":66}},"type":"binary-expr","locations":[{"start":{"line":66,"column":12},"end":{"line":66,"column":52}},{"start":{"line":67,"column":12},"end":{"line":67,"column":68}},{"start":{"line":68,"column":12},"end":{"line":68,"column":66}}],"line":66},"9":{"loc":{"start":{"line":71,"column":8},"end":{"line":75,"column":9}},"type":"if","locations":[{"start":{"line":71,"column":8},"end":{"line":75,"column":9}},{"start":{"line":73,"column":15},"end":{"line":75,"column":9}}],"line":71}},"s":{"0":5,"1":5,"2":5,"3":5,"4":5,"5":5,"6":0,"7":0,"8":0,"9":0,"10":0,"11":0,"12":0,"13":0,"14":0,"15":0,"16":5,"17":0,"18":0,"19":0,"20":0,"21":0,"22":5,"23":0,"24":0,"25":0,"26":0,"27":0,"28":0,"29":0,"30":0,"31":0,"32":0,"33":0,"34":5,"35":0,"36":0,"37":0,"38":0,"39":0,"40":0,"41":0,"42":0,"43":0,"44":5},"f":{"0":0,"1":0,"2":0,"3":0},"b":{"0":[0,0],"1":[0,0],"2":[0,0],"3":[0,0],"4":[0,0],"5":[0,0],"6":[0,0],"7":[0,0],"8":[0,0,0],"9":[0,0]},"_coverageSchema":"1a1c01bbd47fc00a2c39e90264f33305004495a9","hash":"de3dd4566c734b1815382550c9c9c8e73d9a3329"}
,"F:\\Hieu\\TTS - VMO\\albumManagement\\src\\modules\\auth\\auth.controller.js": {"path":"F:\\Hieu\\TTS - VMO\\albumManagement\\src\\modules\\auth\\auth.controller.js","statementMap":{"0":{"start":{"line":1,"column":20},"end":{"line":1,"column":45}},"1":{"start":{"line":2,"column":23},"end":{"line":2,"column":60}},"2":{"start":{"line":4,"column":14},"end":{"line":14,"column":1}},"3":{"start":{"line":5,"column":34},"end":{"line":5,"column":42}},"4":{"start":{"line":6,"column":4},"end":{"line":13,"column":5}},"5":{"start":{"line":7,"column":28},"end":{"line":7,"column":75}},"6":{"start":{"line":8,"column":8},"end":{"line":8,"column":33}},"7":{"start":{"line":9,"column":8},"end":{"line":9,"column":42}},"8":{"start":{"line":11,"column":8},"end":{"line":11,"column":57}},"9":{"start":{"line":12,"column":8},"end":{"line":12,"column":18}},"10":{"start":{"line":16,"column":17},"end":{"line":30,"column":1}},"11":{"start":{"line":17,"column":25},"end":{"line":17,"column":33}},"12":{"start":{"line":18,"column":4},"end":{"line":18,"column":79}},"13":{"start":{"line":19,"column":4},"end":{"line":29,"column":5}},"14":{"start":{"line":20,"column":8},"end":{"line":20,"column":49}},"15":{"start":{"line":21,"column":8},"end":{"line":25,"column":11}},"16":{"start":{"line":27,"column":8},"end":{"line":27,"column":57}},"17":{"start":{"line":28,"column":8},"end":{"line":28,"column":18}},"18":{"start":{"line":32,"column":0},"end":{"line":32,"column":37}}},"fnMap":{"0":{"name":"(anonymous_0)","decl":{"start":{"line":4,"column":14},"end":{"line":4,"column":15}},"loc":{"start":{"line":4,"column":40},"end":{"line":14,"column":1}},"line":4},"1":{"name":"(anonymous_1)","decl":{"start":{"line":16,"column":17},"end":{"line":16,"column":18}},"loc":{"start":{"line":16,"column":43},"end":{"line":30,"column":1}},"line":16}},"branchMap":{},"s":{"0":5,"1":5,"2":5,"3":5,"4":5,"5":5,"6":1,"7":1,"8":4,"9":4,"10":5,"11":3,"12":3,"13":3,"14":3,"15":1,"16":2,"17":2,"18":5},"f":{"0":5,"1":3},"b":{},"_coverageSchema":"1a1c01bbd47fc00a2c39e90264f33305004495a9","hash":"f8a1f6c15e2964352336d442ceeb96703b448041"}
,"F:\\Hieu\\TTS - VMO\\albumManagement\\src\\modules\\auth\\auth.route.js": {"path":"F:\\Hieu\\TTS - VMO\\albumManagement\\src\\modules\\auth\\auth.route.js","statementMap":{"0":{"start":{"line":1,"column":16},"end":{"line":1,"column":34}},"1":{"start":{"line":2,"column":15},"end":{"line":2,"column":31}},"2":{"start":{"line":3,"column":23},"end":{"line":3,"column":51}},"3":{"start":{"line":4,"column":0},"end":{"line":4,"column":57}},"4":{"start":{"line":5,"column":21},"end":{"line":5,"column":49}},"5":{"start":{"line":66,"column":0},"end":{"line":66,"column":72}},"6":{"start":{"line":68,"column":0},"end":{"line":68,"column":81}},"7":{"start":{"line":70,"column":0},"end":{"line":70,"column":24}}},"fnMap":{},"branchMap":{},"s":{"0":5,"1":5,"2":5,"3":5,"4":5,"5":5,"6":5,"7":5},"f":{},"b":{},"_coverageSchema":"1a1c01bbd47fc00a2c39e90264f33305004495a9","hash":"71ac8b77e009c241293ac13004bccfa6b1cba1e2"}
,"F:\\Hieu\\TTS - VMO\\albumManagement\\src\\modules\\auth\\auth.service.js": {"path":"F:\\Hieu\\TTS - VMO\\albumManagement\\src\\modules\\auth\\auth.service.js","statementMap":{"0":{"start":{"line":1,"column":17},"end":{"line":1,"column":52}},"1":{"start":{"line":2,"column":12},"end":{"line":2,"column":35}},"2":{"start":{"line":3,"column":20},"end":{"line":3,"column":52}},"3":{"start":{"line":4,"column":14},"end":{"line":4,"column":51}},"4":{"start":{"line":5,"column":18},"end":{"line":5,"column":56}},"5":{"start":{"line":7,"column":19},"end":{"line":33,"column":1}},"6":{"start":{"line":8,"column":4},"end":{"line":32,"column":5}},"7":{"start":{"line":9,"column":21},"end":{"line":9,"column":84}},"8":{"start":{"line":10,"column":8},"end":{"line":12,"column":9}},"9":{"start":{"line":11,"column":12},"end":{"line":11,"column":59}},"10":{"start":{"line":13,"column":8},"end":{"line":28,"column":9}},"11":{"start":{"line":14,"column":12},"end":{"line":25,"column":14}},"12":{"start":{"line":27,"column":12},"end":{"line":27,"column":60}},"13":{"start":{"line":30,"column":8},"end":{"line":30,"column":44}},"14":{"start":{"line":30,"column":34},"end":{"line":30,"column":44}},"15":{"start":{"line":31,"column":8},"end":{"line":31,"column":54}},"16":{"start":{"line":35,"column":17},"end":{"line":41,"column":1}},"17":{"start":{"line":36,"column":4},"end":{"line":40,"column":5}},"18":{"start":{"line":37,"column":8},"end":{"line":37,"column":54}},"19":{"start":{"line":39,"column":8},"end":{"line":39,"column":18}},"20":{"start":{"line":43,"column":0},"end":{"line":43,"column":42}}},"fnMap":{"0":{"name":"(anonymous_0)","decl":{"start":{"line":7,"column":19},"end":{"line":7,"column":20}},"loc":{"start":{"line":7,"column":52},"end":{"line":33,"column":1}},"line":7},"1":{"name":"(anonymous_1)","decl":{"start":{"line":35,"column":17},"end":{"line":35,"column":18}},"loc":{"start":{"line":35,"column":41},"end":{"line":41,"column":1}},"line":35}},"branchMap":{"0":{"loc":{"start":{"line":10,"column":8},"end":{"line":12,"column":9}},"type":"if","locations":[{"start":{"line":10,"column":8},"end":{"line":12,"column":9}},{"start":{},"end":{}}],"line":10},"1":{"loc":{"start":{"line":13,"column":8},"end":{"line":28,"column":9}},"type":"if","locations":[{"start":{"line":13,"column":8},"end":{"line":28,"column":9}},{"start":{"line":26,"column":15},"end":{"line":28,"column":9}}],"line":13},"2":{"loc":{"start":{"line":30,"column":8},"end":{"line":30,"column":44}},"type":"if","locations":[{"start":{"line":30,"column":8},"end":{"line":30,"column":44}},{"start":{},"end":{}}],"line":30}},"s":{"0":5,"1":5,"2":5,"3":5,"4":5,"5":5,"6":0,"7":0,"8":0,"9":0,"10":0,"11":0,"12":0,"13":0,"14":0,"15":0,"16":5,"17":0,"18":0,"19":0,"20":5},"f":{"0":0,"1":0},"b":{"0":[0,0],"1":[0,0],"2":[0,0]},"_coverageSchema":"1a1c01bbd47fc00a2c39e90264f33305004495a9","hash":"6586bf6795dde9b36d35e8906e1ff570bf25f83d"}
,"F:\\Hieu\\TTS - VMO\\albumManagement\\src\\modules\\auth\\auth.validation.js": {"path":"F:\\Hieu\\TTS - VMO\\albumManagement\\src\\modules\\auth\\auth.validation.js","statementMap":{"0":{"start":{"line":1,"column":12},"end":{"line":1,"column":26}},"1":{"start":{"line":2,"column":18},"end":{"line":2,"column":56}},"2":{"start":{"line":3,"column":25},"end":{"line":27,"column":1}},"3":{"start":{"line":4,"column":19},"end":{"line":13,"column":6}},"4":{"start":{"line":14,"column":57},"end":{"line":14,"column":65}},"5":{"start":{"line":15,"column":4},"end":{"line":26,"column":5}},"6":{"start":{"line":16,"column":8},"end":{"line":22,"column":11}},"7":{"start":{"line":23,"column":8},"end":{"line":23,"column":15}},"8":{"start":{"line":25,"column":8},"end":{"line":25,"column":51}},"9":{"start":{"line":29,"column":22},"end":{"line":48,"column":1}},"10":{"start":{"line":30,"column":19},"end":{"line":40,"column":6}},"11":{"start":{"line":41,"column":34},"end":{"line":41,"column":42}},"12":{"start":{"line":42,"column":4},"end":{"line":47,"column":5}},"13":{"start":{"line":43,"column":8},"end":{"line":43,"column":58}},"14":{"start":{"line":44,"column":8},"end":{"line":44,"column":15}},"15":{"start":{"line":46,"column":8},"end":{"line":46,"column":51}},"16":{"start":{"line":50,"column":0},"end":{"line":50,"column":53}}},"fnMap":{"0":{"name":"(anonymous_0)","decl":{"start":{"line":3,"column":25},"end":{"line":3,"column":26}},"loc":{"start":{"line":3,"column":51},"end":{"line":27,"column":1}},"line":3},"1":{"name":"(anonymous_1)","decl":{"start":{"line":29,"column":22},"end":{"line":29,"column":23}},"loc":{"start":{"line":29,"column":48},"end":{"line":48,"column":1}},"line":29}},"branchMap":{"0":{"loc":{"start":{"line":32,"column":12},"end":{"line":38,"column":18}},"type":"binary-expr","locations":[{"start":{"line":32,"column":12},"end":{"line":32,"column":31}},{"start":{"line":33,"column":12},"end":{"line":38,"column":18}}],"line":32}},"s":{"0":5,"1":5,"2":5,"3":9,"4":9,"5":9,"6":9,"7":3,"8":6,"9":5,"10":10,"11":10,"12":10,"13":10,"14":5,"15":5,"16":5},"f":{"0":9,"1":10},"b":{"0":[10,0]},"_coverageSchema":"1a1c01bbd47fc00a2c39e90264f33305004495a9","hash":"71a05da806e69a0039ee5a7ccfaea9ef21e08899"}
,"F:\\Hieu\\TTS - VMO\\albumManagement\\src\\modules\\photos\\photo.controller.js": {"path":"F:\\Hieu\\TTS - VMO\\albumManagement\\src\\modules\\photos\\photo.controller.js","statementMap":{"0":{"start":{"line":1,"column":21},"end":{"line":1,"column":47}},"1":{"start":{"line":2,"column":13},"end":{"line":2,"column":28}},"2":{"start":{"line":3,"column":18},"end":{"line":3,"column":56}},"3":{"start":{"line":4,"column":12},"end":{"line":4,"column":35}},"4":{"start":{"line":5,"column":11},"end":{"line":5,"column":24}},"5":{"start":{"line":7,"column":18},"end":{"line":25,"column":1}},"6":{"start":{"line":8,"column":4},"end":{"line":10,"column":5}},"7":{"start":{"line":9,"column":8},"end":{"line":9,"column":52}},"8":{"start":{"line":11,"column":18},"end":{"line":11,"column":57}},"9":{"start":{"line":12,"column":4},"end":{"line":12,"column":55}},"10":{"start":{"line":13,"column":20},"end":{"line":13,"column":37}},"11":{"start":{"line":14,"column":4},"end":{"line":14,"column":37}},"12":{"start":{"line":15,"column":4},"end":{"line":24,"column":5}},"13":{"start":{"line":16,"column":8},"end":{"line":20,"column":9}},"14":{"start":{"line":17,"column":12},"end":{"line":17,"column":57}},"15":{"start":{"line":19,"column":12},"end":{"line":19,"column":66}},"16":{"start":{"line":22,"column":8},"end":{"line":22,"column":57}},"17":{"start":{"line":23,"column":8},"end":{"line":23,"column":18}},"18":{"start":{"line":27,"column":27},"end":{"line":40,"column":1}},"19":{"start":{"line":28,"column":20},"end":{"line":28,"column":33}},"20":{"start":{"line":29,"column":4},"end":{"line":39,"column":5}},"21":{"start":{"line":30,"column":26},"end":{"line":30,"column":89}},"22":{"start":{"line":31,"column":8},"end":{"line":35,"column":9}},"23":{"start":{"line":32,"column":12},"end":{"line":32,"column":44}},"24":{"start":{"line":34,"column":12},"end":{"line":34,"column":69}},"25":{"start":{"line":37,"column":8},"end":{"line":37,"column":57}},"26":{"start":{"line":38,"column":8},"end":{"line":38,"column":18}},"27":{"start":{"line":42,"column":26},"end":{"line":54,"column":1}},"28":{"start":{"line":43,"column":4},"end":{"line":53,"column":5}},"29":{"start":{"line":44,"column":26},"end":{"line":44,"column":79}},"30":{"start":{"line":45,"column":8},"end":{"line":49,"column":9}},"31":{"start":{"line":46,"column":12},"end":{"line":46,"column":44}},"32":{"start":{"line":48,"column":12},"end":{"line":48,"column":68}},"33":{"start":{"line":51,"column":8},"end":{"line":51,"column":57}},"34":{"start":{"line":52,"column":8},"end":{"line":52,"column":18}},"35":{"start":{"line":56,"column":20},"end":{"line":65,"column":1}},"36":{"start":{"line":57,"column":4},"end":{"line":57,"column":37}},"37":{"start":{"line":58,"column":4},"end":{"line":64,"column":5}},"38":{"start":{"line":59,"column":8},"end":{"line":59,"column":49}},"39":{"start":{"line":60,"column":8},"end":{"line":60,"column":53}},"40":{"start":{"line":62,"column":8},"end":{"line":62,"column":57}},"41":{"start":{"line":63,"column":8},"end":{"line":63,"column":18}},"42":{"start":{"line":67,"column":20},"end":{"line":76,"column":1}},"43":{"start":{"line":68,"column":4},"end":{"line":75,"column":5}},"44":{"start":{"line":69,"column":8},"end":{"line":69,"column":41}},"45":{"start":{"line":70,"column":8},"end":{"line":70,"column":49}},"46":{"start":{"line":71,"column":8},"end":{"line":71,"column":53}},"47":{"start":{"line":73,"column":8},"end":{"line":73,"column":57}},"48":{"start":{"line":74,"column":8},"end":{"line":74,"column":18}},"49":{"start":{"line":78,"column":0},"end":{"line":78,"column":96}}},"fnMap":{"0":{"name":"(anonymous_0)","decl":{"start":{"line":7,"column":18},"end":{"line":7,"column":19}},"loc":{"start":{"line":7,"column":44},"end":{"line":25,"column":1}},"line":7},"1":{"name":"(anonymous_1)","decl":{"start":{"line":27,"column":27},"end":{"line":27,"column":28}},"loc":{"start":{"line":27,"column":53},"end":{"line":40,"column":1}},"line":27},"2":{"name":"(anonymous_2)","decl":{"start":{"line":42,"column":26},"end":{"line":42,"column":27}},"loc":{"start":{"line":42,"column":52},"end":{"line":54,"column":1}},"line":42},"3":{"name":"(anonymous_3)","decl":{"start":{"line":56,"column":20},"end":{"line":56,"column":21}},"loc":{"start":{"line":56,"column":46},"end":{"line":65,"column":1}},"line":56},"4":{"name":"(anonymous_4)","decl":{"start":{"line":67,"column":20},"end":{"line":67,"column":21}},"loc":{"start":{"line":67,"column":46},"end":{"line":76,"column":1}},"line":67}},"branchMap":{"0":{"loc":{"start":{"line":8,"column":4},"end":{"line":10,"column":5}},"type":"if","locations":[{"start":{"line":8,"column":4},"end":{"line":10,"column":5}},{"start":{},"end":{}}],"line":8},"1":{"loc":{"start":{"line":16,"column":8},"end":{"line":20,"column":9}},"type":"if","locations":[{"start":{"line":16,"column":8},"end":{"line":20,"column":9}},{"start":{"line":18,"column":15},"end":{"line":20,"column":9}}],"line":16},"2":{"loc":{"start":{"line":31,"column":8},"end":{"line":35,"column":9}},"type":"if","locations":[{"start":{"line":31,"column":8},"end":{"line":35,"column":9}},{"start":{"line":33,"column":15},"end":{"line":35,"column":9}}],"line":31},"3":{"loc":{"start":{"line":45,"column":8},"end":{"line":49,"column":9}},"type":"if","locations":[{"start":{"line":45,"column":8},"end":{"line":49,"column":9}},{"start":{"line":47,"column":15},"end":{"line":49,"column":9}}],"line":45}},"s":{"0":5,"1":5,"2":5,"3":5,"4":5,"5":5,"6":0,"7":0,"8":0,"9":0,"10":0,"11":0,"12":0,"13":0,"14":0,"15":0,"16":0,"17":0,"18":5,"19":4,"20":4,"21":4,"22":2,"23":1,"24":1,"25":2,"26":2,"27":5,"28":3,"29":3,"30":2,"31":1,"32":1,"33":1,"34":1,"35":5,"36":4,"37":4,"38":4,"39":1,"40":3,"41":3,"42":5,"43":4,"44":4,"45":4,"46":1,"47":3,"48":3,"49":5},"f":{"0":0,"1":4,"2":3,"3":4,"4":4},"b":{"0":[0,0],"1":[0,0],"2":[1,1],"3":[1,1]},"_coverageSchema":"1a1c01bbd47fc00a2c39e90264f33305004495a9","hash":"5c73c1d443e8c9a89afbb53b79055d9f7ff2d7fc"}
,"F:\\Hieu\\TTS - VMO\\albumManagement\\src\\modules\\photos\\photo.model.js": {"path":"F:\\Hieu\\TTS - VMO\\albumManagement\\src\\modules\\photos\\photo.model.js","statementMap":{"0":{"start":{"line":1,"column":17},"end":{"line":1,"column":36}},"1":{"start":{"line":2,"column":15},"end":{"line":2,"column":30}},"2":{"start":{"line":4,"column":20},"end":{"line":37,"column":2}},"3":{"start":{"line":20,"column":23},"end":{"line":20,"column":33}},"4":{"start":{"line":26,"column":23},"end":{"line":26,"column":33}},"5":{"start":{"line":39,"column":0},"end":{"line":39,"column":54}}},"fnMap":{"0":{"name":"(anonymous_0)","decl":{"start":{"line":20,"column":17},"end":{"line":20,"column":18}},"loc":{"start":{"line":20,"column":23},"end":{"line":20,"column":33}},"line":20},"1":{"name":"(anonymous_1)","decl":{"start":{"line":26,"column":17},"end":{"line":26,"column":18}},"loc":{"start":{"line":26,"column":23},"end":{"line":26,"column":33}},"line":26}},"branchMap":{},"s":{"0":6,"1":6,"2":6,"3":0,"4":0,"5":6},"f":{"0":0,"1":0},"b":{},"_coverageSchema":"1a1c01bbd47fc00a2c39e90264f33305004495a9","hash":"702c00f61e354a872dd9814d9e5fec8c8997d907"}
,"F:\\Hieu\\TTS - VMO\\albumManagement\\src\\modules\\photos\\photo.repository.js": {"path":"F:\\Hieu\\TTS - VMO\\albumManagement\\src\\modules\\photos\\photo.repository.js","statementMap":{"0":{"start":{"line":1,"column":15},"end":{"line":1,"column":39}},"1":{"start":{"line":3,"column":18},"end":{"line":5,"column":1}},"2":{"start":{"line":4,"column":4},"end":{"line":4,"column":41}},"3":{"start":{"line":7,"column":18},"end":{"line":9,"column":1}},"4":{"start":{"line":8,"column":4},"end":{"line":8,"column":50}},"5":{"start":{"line":11,"column":20},"end":{"line":20,"column":1}},"6":{"start":{"line":12,"column":4},"end":{"line":19,"column":6}},"7":{"start":{"line":22,"column":31},"end":{"line":24,"column":1}},"8":{"start":{"line":23,"column":4},"end":{"line":23,"column":48}},"9":{"start":{"line":26,"column":29},"end":{"line":28,"column":1}},"10":{"start":{"line":27,"column":4},"end":{"line":27,"column":42}},"11":{"start":{"line":30,"column":27},"end":{"line":32,"column":1}},"12":{"start":{"line":31,"column":4},"end":{"line":31,"column":87}},"13":{"start":{"line":34,"column":26},"end":{"line":36,"column":1}},"14":{"start":{"line":35,"column":4},"end":{"line":35,"column":87}},"15":{"start":{"line":38,"column":20},"end":{"line":40,"column":1}},"16":{"start":{"line":39,"column":4},"end":{"line":39,"column":52}},"17":{"start":{"line":42,"column":32},"end":{"line":49,"column":1}},"18":{"start":{"line":43,"column":4},"end":{"line":48,"column":6}},"19":{"start":{"line":51,"column":31},"end":{"line":58,"column":1}},"20":{"start":{"line":52,"column":4},"end":{"line":57,"column":16}},"21":{"start":{"line":60,"column":0},"end":{"line":71,"column":2}}},"fnMap":{"0":{"name":"(anonymous_0)","decl":{"start":{"line":3,"column":18},"end":{"line":3,"column":19}},"loc":{"start":{"line":3,"column":40},"end":{"line":5,"column":1}},"line":3},"1":{"name":"(anonymous_1)","decl":{"start":{"line":7,"column":18},"end":{"line":7,"column":19}},"loc":{"start":{"line":7,"column":37},"end":{"line":9,"column":1}},"line":7},"2":{"name":"(anonymous_2)","decl":{"start":{"line":11,"column":20},"end":{"line":11,"column":21}},"loc":{"start":{"line":11,"column":50},"end":{"line":20,"column":1}},"line":11},"3":{"name":"(anonymous_3)","decl":{"start":{"line":22,"column":31},"end":{"line":22,"column":32}},"loc":{"start":{"line":22,"column":50},"end":{"line":24,"column":1}},"line":22},"4":{"name":"(anonymous_4)","decl":{"start":{"line":26,"column":29},"end":{"line":26,"column":30}},"loc":{"start":{"line":26,"column":48},"end":{"line":28,"column":1}},"line":26},"5":{"name":"(anonymous_5)","decl":{"start":{"line":30,"column":27},"end":{"line":30,"column":28}},"loc":{"start":{"line":30,"column":46},"end":{"line":32,"column":1}},"line":30},"6":{"name":"(anonymous_6)","decl":{"start":{"line":34,"column":26},"end":{"line":34,"column":27}},"loc":{"start":{"line":34,"column":44},"end":{"line":36,"column":1}},"line":34},"7":{"name":"(anonymous_7)","decl":{"start":{"line":38,"column":20},"end":{"line":38,"column":21}},"loc":{"start":{"line":38,"column":39},"end":{"line":40,"column":1}},"line":38},"8":{"name":"(anonymous_8)","decl":{"start":{"line":42,"column":32},"end":{"line":42,"column":33}},"loc":{"start":{"line":42,"column":62},"end":{"line":49,"column":1}},"line":42},"9":{"name":"(anonymous_9)","decl":{"start":{"line":51,"column":31},"end":{"line":51,"column":32}},"loc":{"start":{"line":51,"column":60},"end":{"line":58,"column":1}},"line":51}},"branchMap":{"0":{"loc":{"start":{"line":52,"column":11},"end":{"line":57,"column":15}},"type":"cond-expr","locations":[{"start":{"line":56,"column":10},"end":{"line":56,"column":14}},{"start":{"line":57,"column":10},"end":{"line":57,"column":15}}],"line":52}},"s":{"0":6,"1":6,"2":0,"3":6,"4":0,"5":6,"6":0,"7":6,"8":0,"9":6,"10":0,"11":6,"12":0,"13":6,"14":0,"15":6,"16":0,"17":6,"18":0,"19":6,"20":0,"21":6},"f":{"0":0,"1":0,"2":0,"3":0,"4":0,"5":0,"6":0,"7":0,"8":0,"9":0},"b":{"0":[0,0]},"_coverageSchema":"1a1c01bbd47fc00a2c39e90264f33305004495a9","hash":"ee28c692cec6ecf3b4bd55124e7465cb9a3283c0"}
,"F:\\Hieu\\TTS - VMO\\albumManagement\\src\\modules\\photos\\photo.route.js": {"path":"F:\\Hieu\\TTS - VMO\\albumManagement\\src\\modules\\photos\\photo.route.js","statementMap":{"0":{"start":{"line":1,"column":23},"end":{"line":1,"column":62}},"1":{"start":{"line":2,"column":16},"end":{"line":2,"column":34}},"2":{"start":{"line":3,"column":15},"end":{"line":3,"column":31}},"3":{"start":{"line":4,"column":24},"end":{"line":4,"column":53}},"4":{"start":{"line":5,"column":25},"end":{"line":5,"column":60}},"5":{"start":{"line":154,"column":0},"end":{"line":154,"column":92}},"6":{"start":{"line":155,"column":0},"end":{"line":155,"column":74}},"7":{"start":{"line":156,"column":0},"end":{"line":156,"column":69}},"8":{"start":{"line":157,"column":0},"end":{"line":157,"column":70}},"9":{"start":{"line":158,"column":0},"end":{"line":158,"column":67}},"10":{"start":{"line":160,"column":0},"end":{"line":160,"column":24}}},"fnMap":{},"branchMap":{},"s":{"0":5,"1":5,"2":5,"3":5,"4":5,"5":5,"6":5,"7":5,"8":5,"9":5,"10":5},"f":{},"b":{},"_coverageSchema":"1a1c01bbd47fc00a2c39e90264f33305004495a9","hash":"0b01757e31164b8621a999eab7618bc83259068c"}
,"F:\\Hieu\\TTS - VMO\\albumManagement\\src\\modules\\photos\\photo.service.js": {"path":"F:\\Hieu\\TTS - VMO\\albumManagement\\src\\modules\\photos\\photo.service.js","statementMap":{"0":{"start":{"line":1,"column":18},"end":{"line":1,"column":47}},"1":{"start":{"line":2,"column":18},"end":{"line":2,"column":55}},"2":{"start":{"line":3,"column":22},"end":{"line":3,"column":68}},"3":{"start":{"line":4,"column":17},"end":{"line":4,"column":52}},"4":{"start":{"line":5,"column":18},"end":{"line":5,"column":56}},"5":{"start":{"line":6,"column":11},"end":{"line":6,"column":24}},"6":{"start":{"line":8,"column":24},"end":{"line":36,"column":1}},"7":{"start":{"line":9,"column":4},"end":{"line":35,"column":5}},"8":{"start":{"line":10,"column":30},"end":{"line":18,"column":10}},"9":{"start":{"line":11,"column":12},"end":{"line":17,"column":14}},"10":{"start":{"line":20,"column":26},"end":{"line":27,"column":10}},"11":{"start":{"line":21,"column":26},"end":{"line":21,"column":93}},"12":{"start":{"line":22,"column":12},"end":{"line":25,"column":13}},"13":{"start":{"line":23,"column":16},"end":{"line":23,"column":66}},"14":{"start":{"line":24,"column":16},"end":{"line":24,"column":41}},"15":{"start":{"line":26,"column":12},"end":{"line":26,"column":25}},"16":{"start":{"line":29,"column":8},"end":{"line":29,"column":52}},"17":{"start":{"line":31,"column":8},"end":{"line":33,"column":11}},"18":{"start":{"line":32,"column":12},"end":{"line":32,"column":37}},"19":{"start":{"line":34,"column":8},"end":{"line":34,"column":58}},"20":{"start":{"line":38,"column":25},"end":{"line":77,"column":1}},"21":{"start":{"line":39,"column":4},"end":{"line":76,"column":5}},"22":{"start":{"line":40,"column":24},"end":{"line":40,"column":77}},"23":{"start":{"line":41,"column":8},"end":{"line":68,"column":9}},"24":{"start":{"line":42,"column":34},"end":{"line":50,"column":14}},"25":{"start":{"line":43,"column":16},"end":{"line":49,"column":18}},"26":{"start":{"line":51,"column":33},"end":{"line":51,"column":35}},"27":{"start":{"line":52,"column":12},"end":{"line":60,"column":13}},"28":{"start":{"line":53,"column":30},"end":{"line":53,"column":99}},"29":{"start":{"line":54,"column":16},"end":{"line":59,"column":17}},"30":{"start":{"line":55,"column":20},"end":{"line":55,"column":45}},"31":{"start":{"line":56,"column":20},"end":{"line":56,"column":71}},"32":{"start":{"line":58,"column":20},"end":{"line":58,"column":44}},"33":{"start":{"line":61,"column":12},"end":{"line":61,"column":56}},"34":{"start":{"line":61,"column":43},"end":{"line":61,"column":56}},"35":{"start":{"line":62,"column":12},"end":{"line":62,"column":53}},"36":{"start":{"line":64,"column":12},"end":{"line":66,"column":15}},"37":{"start":{"line":65,"column":16},"end":{"line":65,"column":41}},"38":{"start":{"line":67,"column":12},"end":{"line":67,"column":93}},"39":{"start":{"line":70,"column":8},"end":{"line":70,"column":27}},"40":{"start":{"line":71,"column":8},"end":{"line":75,"column":9}},"41":{"start":{"line":72,"column":12},"end":{"line":72,"column":24}},"42":{"start":{"line":74,"column":12},"end":{"line":74,"column":66}},"43":{"start":{"line":79,"column":18},"end":{"line":85,"column":1}},"44":{"start":{"line":80,"column":4},"end":{"line":84,"column":5}},"45":{"start":{"line":81,"column":8},"end":{"line":81,"column":51}},"46":{"start":{"line":83,"column":8},"end":{"line":83,"column":50}},"47":{"start":{"line":87,"column":20},"end":{"line":111,"column":1}},"48":{"start":{"line":88,"column":4},"end":{"line":110,"column":5}},"49":{"start":{"line":89,"column":22},"end":{"line":89,"column":66}},"50":{"start":{"line":90,"column":23},"end":{"line":90,"column":39}},"51":{"start":{"line":91,"column":8},"end":{"line":106,"column":9}},"52":{"start":{"line":96,"column":30},"end":{"line":96,"column":40}},"53":{"start":{"line":97,"column":12},"end":{"line":102,"column":13}},"54":{"start":{"line":98,"column":16},"end":{"line":98,"column":54}},"55":{"start":{"line":99,"column":16},"end":{"line":99,"column":41}},"56":{"start":{"line":101,"column":16},"end":{"line":101,"column":83}},"57":{"start":{"line":103,"column":12},"end":{"line":103,"column":24}},"58":{"start":{"line":105,"column":12},"end":{"line":105,"column":63}},"59":{"start":{"line":108,"column":8},"end":{"line":108,"column":44}},"60":{"start":{"line":108,"column":34},"end":{"line":108,"column":44}},"61":{"start":{"line":109,"column":8},"end":{"line":109,"column":50}},"62":{"start":{"line":113,"column":31},"end":{"line":124,"column":1}},"63":{"start":{"line":114,"column":4},"end":{"line":123,"column":5}},"64":{"start":{"line":115,"column":26},"end":{"line":115,"column":71}},"65":{"start":{"line":116,"column":8},"end":{"line":118,"column":9}},"66":{"start":{"line":117,"column":12},"end":{"line":117,"column":37}},"67":{"start":{"line":119,"column":8},"end":{"line":119,"column":57}},"68":{"start":{"line":121,"column":8},"end":{"line":121,"column":44}},"69":{"start":{"line":121,"column":34},"end":{"line":121,"column":44}},"70":{"start":{"line":122,"column":8},"end":{"line":122,"column":63}},"71":{"start":{"line":126,"column":20},"end":{"line":153,"column":1}},"72":{"start":{"line":127,"column":4},"end":{"line":152,"column":5}},"73":{"start":{"line":128,"column":22},"end":{"line":128,"column":66}},"74":{"start":{"line":129,"column":23},"end":{"line":129,"column":39}},"75":{"start":{"line":130,"column":8},"end":{"line":148,"column":9}},"76":{"start":{"line":134,"column":12},"end":{"line":145,"column":13}},"77":{"start":{"line":138,"column":16},"end":{"line":142,"column":17}},"78":{"start":{"line":139,"column":20},"end":{"line":139,"column":88}},"79":{"start":{"line":141,"column":20},"end":{"line":141,"column":30}},"80":{"start":{"line":144,"column":16},"end":{"line":144,"column":80}},"81":{"start":{"line":147,"column":12},"end":{"line":147,"column":63}},"82":{"start":{"line":150,"column":8},"end":{"line":150,"column":44}},"83":{"start":{"line":150,"column":34},"end":{"line":150,"column":44}},"84":{"start":{"line":151,"column":8},"end":{"line":151,"column":50}},"85":{"start":{"line":155,"column":27},"end":{"line":166,"column":1}},"86":{"start":{"line":156,"column":4},"end":{"line":165,"column":5}},"87":{"start":{"line":157,"column":8},"end":{"line":161,"column":9}},"88":{"start":{"line":158,"column":12},"end":{"line":158,"column":63}},"89":{"start":{"line":160,"column":12},"end":{"line":160,"column":63}},"90":{"start":{"line":163,"column":8},"end":{"line":163,"column":44}},"91":{"start":{"line":163,"column":34},"end":{"line":163,"column":44}},"92":{"start":{"line":164,"column":8},"end":{"line":164,"column":60}},"93":{"start":{"line":168,"column":26},"end":{"line":175,"column":1}},"94":{"start":{"line":169,"column":4},"end":{"line":174,"column":5}},"95":{"start":{"line":170,"column":8},"end":{"line":170,"column":57}},"96":{"start":{"line":172,"column":8},"end":{"line":172,"column":44}},"97":{"start":{"line":172,"column":34},"end":{"line":172,"column":44}},"98":{"start":{"line":173,"column":8},"end":{"line":173,"column":59}},"99":{"start":{"line":177,"column":0},"end":{"line":177,"column":120}}},"fnMap":{"0":{"name":"(anonymous_0)","decl":{"start":{"line":8,"column":24},"end":{"line":8,"column":25}},"loc":{"start":{"line":8,"column":53},"end":{"line":36,"column":1}},"line":8},"1":{"name":"(anonymous_1)","decl":{"start":{"line":10,"column":45},"end":{"line":10,"column":46}},"loc":{"start":{"line":10,"column":55},"end":{"line":18,"column":9}},"line":10},"2":{"name":"(anonymous_2)","decl":{"start":{"line":20,"column":47},"end":{"line":20,"column":48}},"loc":{"start":{"line":20,"column":63},"end":{"line":27,"column":9}},"line":20},"3":{"name":"(anonymous_3)","decl":{"start":{"line":31,"column":27},"end":{"line":31,"column":28}},"loc":{"start":{"line":31,"column":37},"end":{"line":33,"column":9}},"line":31},"4":{"name":"(anonymous_4)","decl":{"start":{"line":38,"column":25},"end":{"line":38,"column":26}},"loc":{"start":{"line":38,"column":54},"end":{"line":77,"column":1}},"line":38},"5":{"name":"(anonymous_5)","decl":{"start":{"line":42,"column":49},"end":{"line":42,"column":50}},"loc":{"start":{"line":42,"column":59},"end":{"line":50,"column":13}},"line":42},"6":{"name":"(anonymous_6)","decl":{"start":{"line":64,"column":31},"end":{"line":64,"column":32}},"loc":{"start":{"line":64,"column":41},"end":{"line":66,"column":13}},"line":64},"7":{"name":"(anonymous_7)","decl":{"start":{"line":79,"column":18},"end":{"line":79,"column":19}},"loc":{"start":{"line":79,"column":47},"end":{"line":85,"column":1}},"line":79},"8":{"name":"(anonymous_8)","decl":{"start":{"line":87,"column":20},"end":{"line":87,"column":21}},"loc":{"start":{"line":87,"column":41},"end":{"line":111,"column":1}},"line":87},"9":{"name":"(anonymous_9)","decl":{"start":{"line":113,"column":31},"end":{"line":113,"column":32}},"loc":{"start":{"line":113,"column":50},"end":{"line":124,"column":1}},"line":113},"10":{"name":"(anonymous_10)","decl":{"start":{"line":126,"column":20},"end":{"line":126,"column":21}},"loc":{"start":{"line":126,"column":41},"end":{"line":153,"column":1}},"line":126},"11":{"name":"(anonymous_11)","decl":{"start":{"line":155,"column":27},"end":{"line":155,"column":28}},"loc":{"start":{"line":155,"column":54},"end":{"line":166,"column":1}},"line":155},"12":{"name":"(anonymous_12)","decl":{"start":{"line":168,"column":26},"end":{"line":168,"column":27}},"loc":{"start":{"line":168,"column":44},"end":{"line":175,"column":1}},"line":168}},"branchMap":{"0":{"loc":{"start":{"line":22,"column":12},"end":{"line":25,"column":13}},"type":"if","locations":[{"start":{"line":22,"column":12},"end":{"line":25,"column":13}},{"start":{},"end":{}}],"line":22},"1":{"loc":{"start":{"line":41,"column":8},"end":{"line":68,"column":9}},"type":"if","locations":[{"start":{"line":41,"column":8},"end":{"line":68,"column":9}},{"start":{"line":63,"column":15},"end":{"line":68,"column":9}}],"line":41},"2":{"loc":{"start":{"line":54,"column":16},"end":{"line":59,"column":17}},"type":"if","locations":[{"start":{"line":54,"column":16},"end":{"line":59,"column":17}},{"start":{"line":57,"column":23},"end":{"line":59,"column":17}}],"line":54},"3":{"loc":{"start":{"line":61,"column":12},"end":{"line":61,"column":56}},"type":"if","locations":[{"start":{"line":61,"column":12},"end":{"line":61,"column":56}},{"start":{},"end":{}}],"line":61},"4":{"loc":{"start":{"line":71,"column":8},"end":{"line":75,"column":9}},"type":"if","locations":[{"start":{"line":71,"column":8},"end":{"line":75,"column":9}},{"start":{"line":73,"column":15},"end":{"line":75,"column":9}}],"line":71},"5":{"loc":{"start":{"line":80,"column":4},"end":{"line":84,"column":5}},"type":"if","locations":[{"start":{"line":80,"column":4},"end":{"line":84,"column":5}},{"start":{"line":82,"column":11},"end":{"line":84,"column":5}}],"line":80},"6":{"loc":{"start":{"line":91,"column":8},"end":{"line":106,"column":9}},"type":"if","locations":[{"start":{"line":91,"column":8},"end":{"line":106,"column":9}},{"start":{"line":104,"column":15},"end":{"line":106,"column":9}}],"line":91},"7":{"loc":{"start":{"line":92,"column":12},"end":{"line":94,"column":118}},"type":"binary-expr","locations":[{"start":{"line":92,"column":12},"end":{"line":92,"column":17}},{"start":{"line":93,"column":14},"end":{"line":93,"column":28}},{"start":{"line":93,"column":32},"end":{"line":93,"column":55}},{"start":{"line":94,"column":17},"end":{"line":94,"column":116}}],"line":92},"8":{"loc":{"start":{"line":108,"column":8},"end":{"line":108,"column":44}},"type":"if","locations":[{"start":{"line":108,"column":8},"end":{"line":108,"column":44}},{"start":{},"end":{}}],"line":108},"9":{"loc":{"start":{"line":121,"column":8},"end":{"line":121,"column":44}},"type":"if","locations":[{"start":{"line":121,"column":8},"end":{"line":121,"column":44}},{"start":{},"end":{}}],"line":121},"10":{"loc":{"start":{"line":130,"column":8},"end":{"line":148,"column":9}},"type":"if","locations":[{"start":{"line":130,"column":8},"end":{"line":148,"column":9}},{"start":{"line":146,"column":15},"end":{"line":148,"column":9}}],"line":130},"11":{"loc":{"start":{"line":131,"column":12},"end":{"line":132,"column":113}},"type":"binary-expr","locations":[{"start":{"line":131,"column":13},"end":{"line":131,"column":27}},{"start":{"line":131,"column":31},"end":{"line":131,"column":54}},{"start":{"line":132,"column":13},"end":{"line":132,"column":112}}],"line":131},"12":{"loc":{"start":{"line":134,"column":12},"end":{"line":145,"column":13}},"type":"if","locations":[{"start":{"line":134,"column":12},"end":{"line":145,"column":13}},{"start":{"line":143,"column":19},"end":{"line":145,"column":13}}],"line":134},"13":{"loc":{"start":{"line":135,"column":16},"end":{"line":136,"column":113}},"type":"binary-expr","locations":[{"start":{"line":135,"column":17},"end":{"line":135,"column":31}},{"start":{"line":135,"column":35},"end":{"line":135,"column":105}},{"start":{"line":136,"column":17},"end":{"line":136,"column":30}},{"start":{"line":136,"column":34},"end":{"line":136,"column":112}}],"line":135},"14":{"loc":{"start":{"line":150,"column":8},"end":{"line":150,"column":44}},"type":"if","locations":[{"start":{"line":150,"column":8},"end":{"line":150,"column":44}},{"start":{},"end":{}}],"line":150},"15":{"loc":{"start":{"line":157,"column":8},"end":{"line":161,"column":9}},"type":"if","locations":[{"start":{"line":157,"column":8},"end":{"line":161,"column":9}},{"start":{"line":159,"column":15},"end":{"line":161,"column":9}}],"line":157},"16":{"loc":{"start":{"line":163,"column":8},"end":{"line":163,"column":44}},"type":"if","locations":[{"start":{"line":163,"column":8},"end":{"line":163,"column":44}},{"start":{},"end":{}}],"line":163},"17":{"loc":{"start":{"line":172,"column":8},"end":{"line":172,"column":44}},"type":"if","locations":[{"start":{"line":172,"column":8},"end":{"line":172,"column":44}},{"start":{},"end":{}}],"line":172}},"s":{"0":6,"1":6,"2":6,"3":6,"4":6,"5":6,"6":6,"7":0,"8":0,"9":0,"10":0,"11":0,"12":0,"13":0,"14":0,"15":0,"16":0,"17":0,"18":0,"19":0,"20":6,"21":0,"22":0,"23":0,"24":0,"25":0,"26":0,"27":0,"28":0,"29":0,"30":0,"31":0,"32":0,"33":0,"34":0,"35":0,"36":0,"37":0,"38":0,"39":0,"40":0,"41":0,"42":0,"43":6,"44":0,"45":0,"46":0,"47":6,"48":0,"49":0,"50":0,"51":0,"52":0,"53":0,"54":0,"55":0,"56":0,"57":0,"58":0,"59":0,"60":0,"61":0,"62":6,"63":0,"64":0,"65":0,"66":0,"67":0,"68":0,"69":0,"70":0,"71":6,"72":0,"73":0,"74":0,"75":0,"76":0,"77":0,"78":0,"79":0,"80":0,"81":0,"82":0,"83":0,"84":0,"85":6,"86":0,"87":0,"88":0,"89":0,"90":0,"91":0,"92":0,"93":6,"94":0,"95":0,"96":0,"97":0,"98":0,"99":6},"f":{"0":0,"1":0,"2":0,"3":0,"4":0,"5":0,"6":0,"7":0,"8":0,"9":0,"10":0,"11":0,"12":0},"b":{"0":[0,0],"1":[0,0],"2":[0,0],"3":[0,0],"4":[0,0],"5":[0,0],"6":[0,0],"7":[0,0,0,0],"8":[0,0],"9":[0,0],"10":[0,0],"11":[0,0,0],"12":[0,0],"13":[0,0,0,0],"14":[0,0],"15":[0,0],"16":[0,0],"17":[0,0]},"_coverageSchema":"1a1c01bbd47fc00a2c39e90264f33305004495a9","hash":"3816990e2aca8016ca4afe8e650d6383ec392802"}
,"F:\\Hieu\\TTS - VMO\\albumManagement\\src\\modules\\userAlbums\\userAlbum.model.js": {"path":"F:\\Hieu\\TTS - VMO\\albumManagement\\src\\modules\\userAlbums\\userAlbum.model.js","statementMap":{"0":{"start":{"line":1,"column":17},"end":{"line":1,"column":36}},"1":{"start":{"line":2,"column":15},"end":{"line":2,"column":30}},"2":{"start":{"line":4,"column":24},"end":{"line":17,"column":2}},"3":{"start":{"line":19,"column":0},"end":{"line":19,"column":62}}},"fnMap":{},"branchMap":{},"s":{"0":8,"1":8,"2":8,"3":8},"f":{},"b":{},"_coverageSchema":"1a1c01bbd47fc00a2c39e90264f33305004495a9","hash":"572ed751eb0010021e2cbdb9b4bb91e3115f2cec"}
,"F:\\Hieu\\TTS - VMO\\albumManagement\\src\\modules\\userAlbums\\userAlbums.controller.js": {"path":"F:\\Hieu\\TTS - VMO\\albumManagement\\src\\modules\\userAlbums\\userAlbums.controller.js","statementMap":{"0":{"start":{"line":1,"column":25},"end":{"line":1,"column":56}},"1":{"start":{"line":2,"column":18},"end":{"line":2,"column":56}},"2":{"start":{"line":4,"column":21},"end":{"line":13,"column":1}},"3":{"start":{"line":5,"column":4},"end":{"line":12,"column":5}},"4":{"start":{"line":6,"column":8},"end":{"line":6,"column":54}},"5":{"start":{"line":7,"column":8},"end":{"line":7,"column":60}},"6":{"start":{"line":9,"column":8},"end":{"line":9,"column":25}},"7":{"start":{"line":10,"column":8},"end":{"line":10,"column":57}},"8":{"start":{"line":11,"column":8},"end":{"line":11,"column":18}},"9":{"start":{"line":15,"column":25},"end":{"line":28,"column":1}},"10":{"start":{"line":16,"column":4},"end":{"line":27,"column":5}},"11":{"start":{"line":17,"column":24},"end":{"line":17,"column":37}},"12":{"start":{"line":18,"column":28},"end":{"line":18,"column":93}},"13":{"start":{"line":19,"column":8},"end":{"line":23,"column":9}},"14":{"start":{"line":20,"column":12},"end":{"line":20,"column":46}},"15":{"start":{"line":22,"column":12},"end":{"line":22,"column":70}},"16":{"start":{"line":25,"column":8},"end":{"line":25,"column":57}},"17":{"start":{"line":26,"column":8},"end":{"line":26,"column":18}},"18":{"start":{"line":30,"column":24},"end":{"line":39,"column":1}},"19":{"start":{"line":31,"column":4},"end":{"line":38,"column":5}},"20":{"start":{"line":32,"column":8},"end":{"line":32,"column":41}},"21":{"start":{"line":33,"column":8},"end":{"line":33,"column":57}},"22":{"start":{"line":34,"column":8},"end":{"line":34,"column":63}},"23":{"start":{"line":36,"column":8},"end":{"line":36,"column":57}},"24":{"start":{"line":37,"column":8},"end":{"line":37,"column":18}},"25":{"start":{"line":41,"column":24},"end":{"line":50,"column":1}},"26":{"start":{"line":42,"column":4},"end":{"line":49,"column":5}},"27":{"start":{"line":43,"column":8},"end":{"line":43,"column":41}},"28":{"start":{"line":44,"column":8},"end":{"line":44,"column":57}},"29":{"start":{"line":45,"column":8},"end":{"line":45,"column":74}},"30":{"start":{"line":47,"column":8},"end":{"line":47,"column":57}},"31":{"start":{"line":48,"column":8},"end":{"line":48,"column":18}},"32":{"start":{"line":52,"column":0},"end":{"line":57,"column":2}}},"fnMap":{"0":{"name":"(anonymous_0)","decl":{"start":{"line":4,"column":21},"end":{"line":4,"column":22}},"loc":{"start":{"line":4,"column":47},"end":{"line":13,"column":1}},"line":4},"1":{"name":"(anonymous_1)","decl":{"start":{"line":15,"column":25},"end":{"line":15,"column":26}},"loc":{"start":{"line":15,"column":51},"end":{"line":28,"column":1}},"line":15},"2":{"name":"(anonymous_2)","decl":{"start":{"line":30,"column":24},"end":{"line":30,"column":25}},"loc":{"start":{"line":30,"column":50},"end":{"line":39,"column":1}},"line":30},"3":{"name":"(anonymous_3)","decl":{"start":{"line":41,"column":24},"end":{"line":41,"column":25}},"loc":{"start":{"line":41,"column":50},"end":{"line":50,"column":1}},"line":41}},"branchMap":{"0":{"loc":{"start":{"line":19,"column":8},"end":{"line":23,"column":9}},"type":"if","locations":[{"start":{"line":19,"column":8},"end":{"line":23,"column":9}},{"start":{"line":21,"column":15},"end":{"line":23,"column":9}}],"line":19}},"s":{"0":5,"1":5,"2":5,"3":5,"4":5,"5":1,"6":4,"7":4,"8":4,"9":5,"10":4,"11":4,"12":4,"13":2,"14":1,"15":1,"16":2,"17":2,"18":5,"19":5,"20":5,"21":5,"22":1,"23":4,"24":4,"25":5,"26":6,"27":6,"28":6,"29":1,"30":5,"31":5,"32":5},"f":{"0":5,"1":4,"2":5,"3":6},"b":{"0":[1,1]},"_coverageSchema":"1a1c01bbd47fc00a2c39e90264f33305004495a9","hash":"a36e21f0a7473d23bdfb32bf267ed0677d4d8d01"}
,"F:\\Hieu\\TTS - VMO\\albumManagement\\src\\modules\\userAlbums\\userAlbums.repository.js": {"path":"F:\\Hieu\\TTS - VMO\\albumManagement\\src\\modules\\userAlbums\\userAlbums.repository.js","statementMap":{"0":{"start":{"line":1,"column":19},"end":{"line":1,"column":47}},"1":{"start":{"line":2,"column":14},"end":{"line":2,"column":46}},"2":{"start":{"line":3,"column":13},"end":{"line":3,"column":43}},"3":{"start":{"line":5,"column":24},"end":{"line":11,"column":1}},"4":{"start":{"line":6,"column":4},"end":{"line":10,"column":7}},"5":{"start":{"line":13,"column":24},"end":{"line":20,"column":1}},"6":{"start":{"line":14,"column":22},"end":{"line":14,"column":99}},"7":{"start":{"line":15,"column":4},"end":{"line":19,"column":5}},"8":{"start":{"line":16,"column":8},"end":{"line":16,"column":21}},"9":{"start":{"line":18,"column":8},"end":{"line":18,"column":78}},"10":{"start":{"line":18,"column":40},"end":{"line":18,"column":76}},"11":{"start":{"line":22,"column":22},"end":{"line":25,"column":1}},"12":{"start":{"line":23,"column":17},"end":{"line":23,"column":79}},"13":{"start":{"line":24,"column":4},"end":{"line":24,"column":16}},"14":{"start":{"line":27,"column":24},"end":{"line":29,"column":1}},"15":{"start":{"line":28,"column":4},"end":{"line":28,"column":70}},"16":{"start":{"line":31,"column":34},"end":{"line":36,"column":1}},"17":{"start":{"line":32,"column":4},"end":{"line":35,"column":40}},"18":{"start":{"line":38,"column":23},"end":{"line":43,"column":1}},"19":{"start":{"line":39,"column":4},"end":{"line":42,"column":48}},"20":{"start":{"line":45,"column":22},"end":{"line":48,"column":1}},"21":{"start":{"line":46,"column":22},"end":{"line":46,"column":99}},"22":{"start":{"line":47,"column":4},"end":{"line":47,"column":99}},"23":{"start":{"line":47,"column":36},"end":{"line":47,"column":72}},"24":{"start":{"line":50,"column":21},"end":{"line":53,"column":1}},"25":{"start":{"line":51,"column":22},"end":{"line":51,"column":99}},"26":{"start":{"line":52,"column":4},"end":{"line":52,"column":100}},"27":{"start":{"line":52,"column":36},"end":{"line":52,"column":72}},"28":{"start":{"line":55,"column":0},"end":{"line":64,"column":2}}},"fnMap":{"0":{"name":"(anonymous_0)","decl":{"start":{"line":5,"column":24},"end":{"line":5,"column":25}},"loc":{"start":{"line":5,"column":57},"end":{"line":11,"column":1}},"line":5},"1":{"name":"(anonymous_1)","decl":{"start":{"line":13,"column":24},"end":{"line":13,"column":25}},"loc":{"start":{"line":13,"column":53},"end":{"line":20,"column":1}},"line":13},"2":{"name":"(anonymous_2)","decl":{"start":{"line":18,"column":30},"end":{"line":18,"column":31}},"loc":{"start":{"line":18,"column":40},"end":{"line":18,"column":76}},"line":18},"3":{"name":"(anonymous_3)","decl":{"start":{"line":22,"column":22},"end":{"line":22,"column":23}},"loc":{"start":{"line":22,"column":49},"end":{"line":25,"column":1}},"line":22},"4":{"name":"(anonymous_4)","decl":{"start":{"line":27,"column":24},"end":{"line":27,"column":25}},"loc":{"start":{"line":27,"column":51},"end":{"line":29,"column":1}},"line":27},"5":{"name":"(anonymous_5)","decl":{"start":{"line":31,"column":34},"end":{"line":31,"column":35}},"loc":{"start":{"line":31,"column":52},"end":{"line":36,"column":1}},"line":31},"6":{"name":"(anonymous_6)","decl":{"start":{"line":38,"column":23},"end":{"line":38,"column":24}},"loc":{"start":{"line":38,"column":42},"end":{"line":43,"column":1}},"line":38},"7":{"name":"(anonymous_7)","decl":{"start":{"line":45,"column":22},"end":{"line":45,"column":23}},"loc":{"start":{"line":45,"column":51},"end":{"line":48,"column":1}},"line":45},"8":{"name":"(anonymous_8)","decl":{"start":{"line":47,"column":26},"end":{"line":47,"column":27}},"loc":{"start":{"line":47,"column":36},"end":{"line":47,"column":72}},"line":47},"9":{"name":"(anonymous_9)","decl":{"start":{"line":50,"column":21},"end":{"line":50,"column":22}},"loc":{"start":{"line":50,"column":50},"end":{"line":53,"column":1}},"line":50},"10":{"name":"(anonymous_10)","decl":{"start":{"line":52,"column":26},"end":{"line":52,"column":27}},"loc":{"start":{"line":52,"column":36},"end":{"line":52,"column":72}},"line":52}},"branchMap":{"0":{"loc":{"start":{"line":15,"column":4},"end":{"line":19,"column":5}},"type":"if","locations":[{"start":{"line":15,"column":4},"end":{"line":19,"column":5}},{"start":{"line":17,"column":11},"end":{"line":19,"column":5}}],"line":15},"1":{"loc":{"start":{"line":47,"column":11},"end":{"line":47,"column":98}},"type":"cond-expr","locations":[{"start":{"line":47,"column":86},"end":{"line":47,"column":90}},{"start":{"line":47,"column":93},"end":{"line":47,"column":98}}],"line":47},"2":{"loc":{"start":{"line":52,"column":11},"end":{"line":52,"column":99}},"type":"cond-expr","locations":[{"start":{"line":52,"column":87},"end":{"line":52,"column":91}},{"start":{"line":52,"column":94},"end":{"line":52,"column":99}}],"line":52}},"s":{"0":8,"1":8,"2":8,"3":8,"4":0,"5":8,"6":0,"7":0,"8":0,"9":0,"10":0,"11":8,"12":0,"13":0,"14":8,"15":0,"16":8,"17":0,"18":8,"19":0,"20":8,"21":0,"22":0,"23":0,"24":8,"25":0,"26":0,"27":0,"28":8},"f":{"0":0,"1":0,"2":0,"3":0,"4":0,"5":0,"6":0,"7":0,"8":0,"9":0,"10":0},"b":{"0":[0,0],"1":[0,0],"2":[0,0]},"_coverageSchema":"1a1c01bbd47fc00a2c39e90264f33305004495a9","hash":"1520fd31be1208e9c2ccf7417e0885cd9f19daaf"}
,"F:\\Hieu\\TTS - VMO\\albumManagement\\src\\modules\\userAlbums\\userAlbums.route.js": {"path":"F:\\Hieu\\TTS - VMO\\albumManagement\\src\\modules\\userAlbums\\userAlbums.route.js","statementMap":{"0":{"start":{"line":1,"column":16},"end":{"line":1,"column":34}},"1":{"start":{"line":2,"column":15},"end":{"line":2,"column":31}},"2":{"start":{"line":3,"column":29},"end":{"line":3,"column":63}},"3":{"start":{"line":4,"column":23},"end":{"line":4,"column":62}},"4":{"start":{"line":5,"column":55},"end":{"line":5,"column":101}},"5":{"start":{"line":142,"column":0},"end":{"line":142,"column":96}},"6":{"start":{"line":143,"column":0},"end":{"line":143,"column":81}},"7":{"start":{"line":144,"column":0},"end":{"line":144,"column":105}},"8":{"start":{"line":145,"column":0},"end":{"line":145,"column":102}},"9":{"start":{"line":147,"column":0},"end":{"line":147,"column":24}}},"fnMap":{},"branchMap":{},"s":{"0":5,"1":5,"2":5,"3":5,"4":5,"5":5,"6":5,"7":5,"8":5,"9":5},"f":{},"b":{},"_coverageSchema":"1a1c01bbd47fc00a2c39e90264f33305004495a9","hash":"19fe7fb3bc345dc33fab0cb126d99eb3a2a414ef"}
,"F:\\Hieu\\TTS - VMO\\albumManagement\\src\\modules\\userAlbums\\userAlbums.service.js": {"path":"F:\\Hieu\\TTS - VMO\\albumManagement\\src\\modules\\userAlbums\\userAlbums.service.js","statementMap":{"0":{"start":{"line":1,"column":18},"end":{"line":1,"column":56}},"1":{"start":{"line":2,"column":17},"end":{"line":2,"column":52}},"2":{"start":{"line":3,"column":22},"end":{"line":3,"column":56}},"3":{"start":{"line":4,"column":18},"end":{"line":4,"column":55}},"4":{"start":{"line":6,"column":25},"end":{"line":20,"column":1}},"5":{"start":{"line":7,"column":4},"end":{"line":19,"column":5}},"6":{"start":{"line":8,"column":26},"end":{"line":8,"column":76}},"7":{"start":{"line":9,"column":30},"end":{"line":9,"column":82}},"8":{"start":{"line":10,"column":8},"end":{"line":12,"column":66}},"9":{"start":{"line":11,"column":12},"end":{"line":11,"column":63}},"10":{"start":{"line":12,"column":15},"end":{"line":12,"column":66}},"11":{"start":{"line":14,"column":8},"end":{"line":18,"column":9}},"12":{"start":{"line":15,"column":12},"end":{"line":15,"column":24}},"13":{"start":{"line":17,"column":12},"end":{"line":17,"column":69}},"14":{"start":{"line":22,"column":27},"end":{"line":28,"column":1}},"15":{"start":{"line":23,"column":4},"end":{"line":27,"column":5}},"16":{"start":{"line":24,"column":8},"end":{"line":24,"column":74}},"17":{"start":{"line":26,"column":8},"end":{"line":26,"column":18}},"18":{"start":{"line":30,"column":21},"end":{"line":53,"column":1}},"19":{"start":{"line":31,"column":4},"end":{"line":52,"column":5}},"20":{"start":{"line":32,"column":24},"end":{"line":32,"column":35}},"21":{"start":{"line":33,"column":27},"end":{"line":33,"column":84}},"22":{"start":{"line":34,"column":8},"end":{"line":45,"column":56}},"23":{"start":{"line":35,"column":28},"end":{"line":35,"column":79}},"24":{"start":{"line":36,"column":12},"end":{"line":38,"column":13}},"25":{"start":{"line":37,"column":16},"end":{"line":37,"column":65}},"26":{"start":{"line":39,"column":12},"end":{"line":41,"column":13}},"27":{"start":{"line":40,"column":16},"end":{"line":40,"column":92}},"28":{"start":{"line":42,"column":28},"end":{"line":42,"column":80}},"29":{"start":{"line":43,"column":12},"end":{"line":43,"column":69}},"30":{"start":{"line":44,"column":12},"end":{"line":44,"column":24}},"31":{"start":{"line":45,"column":15},"end":{"line":45,"column":56}},"32":{"start":{"line":47,"column":8},"end":{"line":51,"column":9}},"33":{"start":{"line":48,"column":12},"end":{"line":48,"column":24}},"34":{"start":{"line":50,"column":12},"end":{"line":50,"column":56}},"35":{"start":{"line":55,"column":24},"end":{"line":77,"column":1}},"36":{"start":{"line":56,"column":4},"end":{"line":76,"column":5}},"37":{"start":{"line":57,"column":24},"end":{"line":57,"column":35}},"38":{"start":{"line":58,"column":26},"end":{"line":58,"column":81}},"39":{"start":{"line":59,"column":27},"end":{"line":59,"column":79}},"40":{"start":{"line":60,"column":8},"end":{"line":69,"column":56}},"41":{"start":{"line":61,"column":29},"end":{"line":61,"column":80}},"42":{"start":{"line":62,"column":12},"end":{"line":64,"column":13}},"43":{"start":{"line":63,"column":16},"end":{"line":63,"column":66}},"44":{"start":{"line":65,"column":12},"end":{"line":67,"column":13}},"45":{"start":{"line":66,"column":16},"end":{"line":66,"column":68}},"46":{"start":{"line":68,"column":12},"end":{"line":68,"column":72}},"47":{"start":{"line":69,"column":15},"end":{"line":69,"column":56}},"48":{"start":{"line":71,"column":8},"end":{"line":75,"column":9}},"49":{"start":{"line":72,"column":12},"end":{"line":72,"column":24}},"50":{"start":{"line":74,"column":12},"end":{"line":74,"column":59}},"51":{"start":{"line":79,"column":24},"end":{"line":107,"column":1}},"52":{"start":{"line":80,"column":4},"end":{"line":106,"column":5}},"53":{"start":{"line":81,"column":24},"end":{"line":81,"column":35}},"54":{"start":{"line":82,"column":26},"end":{"line":82,"column":81}},"55":{"start":{"line":83,"column":27},"end":{"line":83,"column":79}},"56":{"start":{"line":84,"column":8},"end":{"line":99,"column":56}},"57":{"start":{"line":85,"column":29},"end":{"line":85,"column":80}},"58":{"start":{"line":86,"column":12},"end":{"line":88,"column":13}},"59":{"start":{"line":87,"column":16},"end":{"line":87,"column":66}},"60":{"start":{"line":89,"column":12},"end":{"line":91,"column":13}},"61":{"start":{"line":90,"column":16},"end":{"line":90,"column":68}},"62":{"start":{"line":92,"column":36},"end":{"line":92,"column":93}},"63":{"start":{"line":93,"column":12},"end":{"line":98,"column":13}},"64":{"start":{"line":94,"column":16},"end":{"line":94,"column":75}},"65":{"start":{"line":96,"column":16},"end":{"line":96,"column":41}},"66":{"start":{"line":97,"column":16},"end":{"line":97,"column":45}},"67":{"start":{"line":99,"column":15},"end":{"line":99,"column":56}},"68":{"start":{"line":101,"column":8},"end":{"line":105,"column":9}},"69":{"start":{"line":102,"column":12},"end":{"line":102,"column":24}},"70":{"start":{"line":104,"column":12},"end":{"line":104,"column":59}},"71":{"start":{"line":109,"column":0},"end":{"line":115,"column":2}}},"fnMap":{"0":{"name":"(anonymous_0)","decl":{"start":{"line":6,"column":25},"end":{"line":6,"column":26}},"loc":{"start":{"line":6,"column":52},"end":{"line":20,"column":1}},"line":6},"1":{"name":"(anonymous_1)","decl":{"start":{"line":22,"column":27},"end":{"line":22,"column":28}},"loc":{"start":{"line":22,"column":60},"end":{"line":28,"column":1}},"line":22},"2":{"name":"(anonymous_2)","decl":{"start":{"line":30,"column":21},"end":{"line":30,"column":22}},"loc":{"start":{"line":30,"column":37},"end":{"line":53,"column":1}},"line":30},"3":{"name":"(anonymous_3)","decl":{"start":{"line":55,"column":24},"end":{"line":55,"column":25}},"loc":{"start":{"line":55,"column":40},"end":{"line":77,"column":1}},"line":55},"4":{"name":"(anonymous_4)","decl":{"start":{"line":79,"column":24},"end":{"line":79,"column":25}},"loc":{"start":{"line":79,"column":40},"end":{"line":107,"column":1}},"line":79}},"branchMap":{"0":{"loc":{"start":{"line":10,"column":8},"end":{"line":12,"column":66}},"type":"if","locations":[{"start":{"line":10,"column":8},"end":{"line":12,"column":66}},{"start":{"line":12,"column":15},"end":{"line":12,"column":66}}],"line":10},"1":{"loc":{"start":{"line":14,"column":8},"end":{"line":18,"column":9}},"type":"if","locations":[{"start":{"line":14,"column":8},"end":{"line":18,"column":9}},{"start":{"line":16,"column":15},"end":{"line":18,"column":9}}],"line":14},"2":{"loc":{"start":{"line":34,"column":8},"end":{"line":45,"column":56}},"type":"if","locations":[{"start":{"line":34,"column":8},"end":{"line":45,"column":56}},{"start":{"line":45,"column":15},"end":{"line":45,"column":56}}],"line":34},"3":{"loc":{"start":{"line":36,"column":12},"end":{"line":38,"column":13}},"type":"if","locations":[{"start":{"line":36,"column":12},"end":{"line":38,"column":13}},{"start":{},"end":{}}],"line":36},"4":{"loc":{"start":{"line":39,"column":12},"end":{"line":41,"column":13}},"type":"if","locations":[{"start":{"line":39,"column":12},"end":{"line":41,"column":13}},{"start":{},"end":{}}],"line":39},"5":{"loc":{"start":{"line":47,"column":8},"end":{"line":51,"column":9}},"type":"if","locations":[{"start":{"line":47,"column":8},"end":{"line":51,"column":9}},{"start":{"line":49,"column":15},"end":{"line":51,"column":9}}],"line":47},"6":{"loc":{"start":{"line":60,"column":8},"end":{"line":69,"column":56}},"type":"if","locations":[{"start":{"line":60,"column":8},"end":{"line":69,"column":56}},{"start":{"line":69,"column":15},"end":{"line":69,"column":56}}],"line":60},"7":{"loc":{"start":{"line":62,"column":12},"end":{"line":64,"column":13}},"type":"if","locations":[{"start":{"line":62,"column":12},"end":{"line":64,"column":13}},{"start":{},"end":{}}],"line":62},"8":{"loc":{"start":{"line":65,"column":12},"end":{"line":67,"column":13}},"type":"if","locations":[{"start":{"line":65,"column":12},"end":{"line":67,"column":13}},{"start":{},"end":{}}],"line":65},"9":{"loc":{"start":{"line":71,"column":8},"end":{"line":75,"column":9}},"type":"if","locations":[{"start":{"line":71,"column":8},"end":{"line":75,"column":9}},{"start":{"line":73,"column":15},"end":{"line":75,"column":9}}],"line":71},"10":{"loc":{"start":{"line":84,"column":8},"end":{"line":99,"column":56}},"type":"if","locations":[{"start":{"line":84,"column":8},"end":{"line":99,"column":56}},{"start":{"line":99,"column":15},"end":{"line":99,"column":56}}],"line":84},"11":{"loc":{"start":{"line":86,"column":12},"end":{"line":88,"column":13}},"type":"if","locations":[{"start":{"line":86,"column":12},"end":{"line":88,"column":13}},{"start":{},"end":{}}],"line":86},"12":{"loc":{"start":{"line":89,"column":12},"end":{"line":91,"column":13}},"type":"if","locations":[{"start":{"line":89,"column":12},"end":{"line":91,"column":13}},{"start":{},"end":{}}],"line":89},"13":{"loc":{"start":{"line":93,"column":12},"end":{"line":98,"column":13}},"type":"if","locations":[{"start":{"line":93,"column":12},"end":{"line":98,"column":13}},{"start":{"line":95,"column":19},"end":{"line":98,"column":13}}],"line":93},"14":{"loc":{"start":{"line":101,"column":8},"end":{"line":105,"column":9}},"type":"if","locations":[{"start":{"line":101,"column":8},"end":{"line":105,"column":9}},{"start":{"line":103,"column":15},"end":{"line":105,"column":9}}],"line":101}},"s":{"0":6,"1":6,"2":6,"3":6,"4":6,"5":0,"6":0,"7":0,"8":0,"9":0,"10":0,"11":0,"12":0,"13":0,"14":6,"15":0,"16":0,"17":0,"18":6,"19":0,"20":0,"21":0,"22":0,"23":0,"24":0,"25":0,"26":0,"27":0,"28":0,"29":0,"30":0,"31":0,"32":0,"33":0,"34":0,"35":6,"36":0,"37":0,"38":0,"39":0,"40":0,"41":0,"42":0,"43":0,"44":0,"45":0,"46":0,"47":0,"48":0,"49":0,"50":0,"51":6,"52":0,"53":0,"54":0,"55":0,"56":0,"57":0,"58":0,"59":0,"60":0,"61":0,"62":0,"63":0,"64":0,"65":0,"66":0,"67":0,"68":0,"69":0,"70":0,"71":6},"f":{"0":0,"1":0,"2":0,"3":0,"4":0},"b":{"0":[0,0],"1":[0,0],"2":[0,0],"3":[0,0],"4":[0,0],"5":[0,0],"6":[0,0],"7":[0,0],"8":[0,0],"9":[0,0],"10":[0,0],"11":[0,0],"12":[0,0],"13":[0,0],"14":[0,0]},"_coverageSchema":"1a1c01bbd47fc00a2c39e90264f33305004495a9","hash":"0bd3a30d38fe5dfb9401d0fe026d3b753443184a"}
,"F:\\Hieu\\TTS - VMO\\albumManagement\\src\\modules\\userAlbums\\userAlbums.validation.js": {"path":"F:\\Hieu\\TTS - VMO\\albumManagement\\src\\modules\\userAlbums\\userAlbums.validation.js","statementMap":{"0":{"start":{"line":1,"column":12},"end":{"line":1,"column":26}},"1":{"start":{"line":2,"column":18},"end":{"line":2,"column":56}},"2":{"start":{"line":3,"column":29},"end":{"line":15,"column":1}},"3":{"start":{"line":4,"column":19},"end":{"line":7,"column":6}},"4":{"start":{"line":8,"column":35},"end":{"line":8,"column":43}},"5":{"start":{"line":9,"column":4},"end":{"line":14,"column":5}},"6":{"start":{"line":10,"column":8},"end":{"line":10,"column":59}},"7":{"start":{"line":11,"column":8},"end":{"line":11,"column":15}},"8":{"start":{"line":13,"column":8},"end":{"line":13,"column":51}},"9":{"start":{"line":17,"column":29},"end":{"line":28,"column":1}},"10":{"start":{"line":18,"column":19},"end":{"line":20,"column":6}},"11":{"start":{"line":21,"column":24},"end":{"line":21,"column":32}},"12":{"start":{"line":22,"column":4},"end":{"line":27,"column":5}},"13":{"start":{"line":23,"column":8},"end":{"line":23,"column":48}},"14":{"start":{"line":24,"column":8},"end":{"line":24,"column":15}},"15":{"start":{"line":26,"column":8},"end":{"line":26,"column":51}},"16":{"start":{"line":30,"column":0},"end":{"line":30,"column":64}}},"fnMap":{"0":{"name":"(anonymous_0)","decl":{"start":{"line":3,"column":29},"end":{"line":3,"column":30}},"loc":{"start":{"line":3,"column":55},"end":{"line":15,"column":1}},"line":3},"1":{"name":"(anonymous_1)","decl":{"start":{"line":17,"column":29},"end":{"line":17,"column":30}},"loc":{"start":{"line":17,"column":55},"end":{"line":28,"column":1}},"line":17}},"branchMap":{},"s":{"0":5,"1":5,"2":5,"3":9,"4":9,"5":9,"6":9,"7":5,"8":4,"9":5,"10":17,"11":17,"12":17,"13":17,"14":11,"15":6,"16":5},"f":{"0":9,"1":17},"b":{},"_coverageSchema":"1a1c01bbd47fc00a2c39e90264f33305004495a9","hash":"6add748a23ab9143305e4e018a8c1eba519fbbdc"}
[...]
,"F:\\Hieu\\TTS - VMO\\albumManagement\\src\\modules\\users\\user.service.js": {"path":"F:\\Hieu\\TTS - VMO\\albumManagement\\src\\modules\\users\\user.service.js","statementMap":{"0":{"start":{"line":1,"column":17},"end":{"line":1,"column":45}},"1":{"start":{"line":2,"column":22},"end":{"line":2,"column":59}},"2":{"start":{"line":3,"column":18},"end":{"line":3,"column":56}},"3":{"start":{"line":5,"column":21},"end":{"line":26,"column":1}},"4":{"start":{"line":6,"column":4},"end":{"line":25,"column":5}},"5":{"start":{"line":7,"column":21},"end":{"line":7,"column":58}},"6":{"start":{"line":8,"column":8},"end":{"line":10,"column":9}},"7":{"start":{"line":9,"column":12},"end":{"line":9,"column":56}},"8":{"start":{"line":11,"column":24},"end":{"line":11,"column":39}},"9":{"start":{"line":12,"column":8},"end":{"line":18,"column":9}},"10":{"start":{"line":13,"column":12},"end":{"line":13,"column":33}},"11":{"start":{"line":14,"column":12},"end":{"line":14,"column":30}},"12":{"start":{"line":15,"column":12},"end":{"line":15,"column":24}},"13":{"start":{"line":17,"column":12},"end":{"line":17,"column":25}},"14":{"start":{"line":20,"column":8},"end":{"line":24,"column":9}},"15":{"start":{"line":21,"column":12},"end":{"line":21,"column":24}},"16":{"start":{"line":23,"column":12},"end":{"line":23,"column":58}},"17":{"start":{"line":28,"column":20},"end":{"line":40,"column":1}},"18":{"start":{"line":29,"column":4},"end":{"line":39,"column":5}},"19":{"start":{"line":30,"column":21},"end":{"line":30,"column":58}},"20":{"start":{"line":31,"column":8},"end":{"line":31,"column":67}},"21":{"start":{"line":32,"column":8},"end":{"line":32,"column":26}},"22":{"start":{"line":34,"column":8},"end":{"line":38,"column":9}},"23":{"start":{"line":35,"column":12},"end":{"line":35,"column":24}},"24":{"start":{"line":37,"column":12},"end":{"line":37,"column":52}},"25":{"start":{"line":42,"column":22},"end":{"line":59,"column":1}},"26":{"start":{"line":43,"column":4},"end":{"line":58,"column":5}},"27":{"start":{"line":44,"column":22},"end":{"line":44,"column":95}},"28":{"start":{"line":45,"column":8},"end":{"line":51,"column":9}},"29":{"start":{"line":46,"column":25},"end":{"line":46,"column":67}},"30":{"start":{"line":47,"column":12},"end":{"line":47,"column":76}},"31":{"start":{"line":48,"column":12},"end":{"line":48,"column":30}},"32":{"start":{"line":50,"column":12},"end":{"line":50,"column":48}},"33":{"start":{"line":53,"column":8},"end":{"line":57,"column":9}},"34":{"start":{"line":54,"column":12},"end":{"line":54,"column":24}},"35":{"start":{"line":56,"column":12},"end":{"line":56,"column":58}},"36":{"start":{"line":61,"column":23},"end":{"line":78,"column":1}},"37":{"start":{"line":62,"column":4},"end":{"line":77,"column":5}},"38":{"start":{"line":63,"column":21},"end":{"line":63,"column":58}},"39":{"start":{"line":64,"column":8},"end":{"line":70,"column":9}},"40":{"start":{"line":65,"column":12},"end":{"line":65,"column":65}},"41":{"start":{"line":66,"column":12},"end":{"line":66,"column":30}},"42":{"start":{"line":67,"column":12},"end":{"line":67,"column":24}},"43":{"start":{"line":69,"column":12},"end":{"line":69,"column":25}},"44":{"start":{"line":72,"column":8},"end":{"line":76,"column":9}},"45":{"start":{"line":73,"column":12},"end":{"line":73,"column":24}},"46":{"start":{"line":75,"column":12},"end":{"line":75,"column":58}},"47":{"start":{"line":80,"column":23},"end":{"line":97,"column":1}},"48":{"start":{"line":81,"column":4},"end":{"line":96,"column":5}},"49":{"start":{"line":82,"column":21},"end":{"line":82,"column":58}},"50":{"start":{"line":83,"column":8},"end":{"line":89,"column":9}},"51":{"start":{"line":84,"column":12},"end":{"line":84,"column":68}},"52":{"start":{"line":85,"column":12},"end":{"line":85,"column":30}},"53":{"start":{"line":86,"column":12},"end":{"line":86,"column":24}},"54":{"start":{"line":88,"column":12},"end":{"line":88,"column":25}},"55":{"start":{"line":91,"column":8},"end":{"line":95,"column":9}},"56":{"start":{"line":92,"column":12},"end":{"line":92,"column":24}},"57":{"start":{"line":94,"column":12},"end":{"line":94,"column":58}},"58":{"start":{"line":99,"column":23},"end":{"line":112,"column":1}},"59":{"start":{"line":100,"column":4},"end":{"line":111,"column":5}},"60":{"start":{"line":101,"column":21},"end":{"line":101,"column":69}},"61":{"start":{"line":102,"column":8},"end":{"line":102,"column":62}},"62":{"start":{"line":103,"column":8},"end":{"line":103,"column":82}},"63":{"start":{"line":104,"column":8},"end":{"line":104,"column":26}},"64":{"start":{"line":106,"column":8},"end":{"line":110,"column":9}},"65":{"start":{"line":107,"column":12},"end":{"line":107,"column":24}},"66":{"start":{"line":109,"column":12},"end":{"line":109,"column":53}},"67":{"start":{"line":114,"column":0},"end":{"line":121,"column":2}}},"fnMap":{"0":{"name":"(anonymous_0)","decl":{"start":{"line":5,"column":21},"end":{"line":5,"column":22}},"loc":{"start":{"line":5,"column":43},"end":{"line":26,"column":1}},"line":5},"1":{"name":"(anonymous_1)","decl":{"start":{"line":28,"column":20},"end":{"line":28,"column":21}},"loc":{"start":{"line":28,"column":37},"end":{"line":40,"column":1}},"line":28},"2":{"name":"(anonymous_2)","decl":{"start":{"line":42,"column":22},"end":{"line":42,"column":23}},"loc":{"start":{"line":42,"column":46},"end":{"line":59,"column":1}},"line":42},"3":{"name":"(anonymous_3)","decl":{"start":{"line":61,"column":23},"end":{"line":61,"column":24}},"loc":{"start":{"line":61,"column":62},"end":{"line":78,"column":1}},"line":61},"4":{"name":"(anonymous_4)","decl":{"start":{"line":80,"column":23},"end":{"line":80,"column":24}},"loc":{"start":{"line":80,"column":63},"end":{"line":97,"column":1}},"line":80},"5":{"name":"(anonymous_5)","decl":{"start":{"line":99,"column":23},"end":{"line":99,"column":24}},"loc":{"start":{"line":99,"column":45},"end":{"line":112,"column":1}},"line":99}},"branchMap":{"0":{"loc":{"start":{"line":8,"column":8},"end":{"line":10,"column":9}},"type":"if","locations":[{"start":{"line":8,"column":8},"end":{"line":10,"column":9}},{"start":{},"end":{}}],"line":8},"1":{"loc":{"start":{"line":12,"column":8},"end":{"line":18,"column":9}},"type":"if","locations":[{"start":{"line":12,"column":8},"end":{"line":18,"column":9}},{"start":{"line":16,"column":15},"end":{"line":18,"column":9}}],"line":12},"2":{"loc":{"start":{"line":20,"column":8},"end":{"line":24,"column":9}},"type":"if","locations":[{"start":{"line":20,"column":8},"end":{"line":24,"column":9}},{"start":{"line":22,"column":15},"end":{"line":24,"column":9}}],"line":20},"3":{"loc":{"start":{"line":34,"column":8},"end":{"line":38,"column":9}},"type":"if","locations":[{"start":{"line":34,"column":8},"end":{"line":38,"column":9}},{"start":{"line":36,"column":15},"end":{"line":38,"column":9}}],"line":34},"4":{"loc":{"start":{"line":45,"column":8},"end":{"line":51,"column":9}},"type":"if","locations":[{"start":{"line":45,"column":8},"end":{"line":51,"column":9}},{"start":{"line":49,"column":15},"end":{"line":51,"column":9}}],"line":45},"5":{"loc":{"start":{"line":53,"column":8},"end":{"line":57,"column":9}},"type":"if","locations":[{"start":{"line":53,"column":8},"end":{"line":57,"column":9}},{"start":{"line":55,"column":15},"end":{"line":57,"column":9}}],"line":53},"6":{"loc":{"start":{"line":64,"column":8},"end":{"line":70,"column":9}},"type":"if","locations":[{"start":{"line":64,"column":8},"end":{"line":70,"column":9}},{"start":{"line":68,"column":15},"end":{"line":70,"column":9}}],"line":64},"7":{"loc":{"start":{"line":72,"column":8},"end":{"line":76,"column":9}},"type":"if","locations":[{"start":{"line":72,"column":8},"end":{"line":76,"column":9}},{"start":{"line":74,"column":15},"end":{"line":76,"column":9}}],"line":72},"8":{"loc":{"start":{"line":83,"column":8},"end":{"line":89,"column":9}},"type":"if","locations":[{"start":{"line":83,"column":8},"end":{"line":89,"column":9}},{"start":{"line":87,"column":15},"end":{"line":89,"column":9}}],"line":83},"9":{"loc":{"start":{"line":91,"column":8},"end":{"line":95,"column":9}},"type":"if","locations":[{"start":{"line":91,"column":8},"end":{"line":95,"column":9}},{"start":{"line":93,"column":15},"end":{"line":95,"column":9}}],"line":91},"10":{"loc":{"start":{"line":102,"column":19},"end":{"line":102,"column":61}},"type":"cond-expr","locations":[{"start":{"line":102,"column":36},"end":{"line":102,"column":50}},{"start":{"line":102,"column":53},"end":{"line":102,"column":61}}],"line":102},"11":{"loc":{"start":{"line":103,"column":24},"end":{"line":103,"column":81}},"type":"cond-expr","locations":[{"start":{"line":103,"column":46},"end":{"line":103,"column":65}},{"start":{"line":103,"column":68},"end":{"line":103,"column":81}}],"line":103},"12":{"loc":{"start":{"line":106,"column":8},"end":{"line":110,"column":9}},"type":"if","locations":[{"start":{"line":106,"column":8},"end":{"line":110,"column":9}},{"start":{"line":108,"column":15},"end":{"line":110,"column":9}}],"line":106}},"s":{"0":6,"1":6,"2":6,"3":6,"4":0,"5":0,"6":0,"7":0,"8":0,"9":0,"10":0,"11":0,"12":0,"13":0,"14":0,"15":0,"16":0,"17":6,"18":0,"19":0,"20":0,"21":0,"22":0,"23":0,"24":0,"25":6,"26":0,"27":0,"28":0,"29":0,"30":0,"31":0,"32":0,"33":0,"34":0,"35":0,"36":6,"37":0,"38":0,"39":0,"40":0,"41":0,"42":0,"43":0,"44":0,"45":0,"46":0,"47":6,"48":0,"49":0,"50":0,"51":0,"52":0,"53":0,"54":0,"55":0,"56":0,"57":0,"58":6,"59":0,"60":0,"61":0,"62":0,"63":0,"64":0,"65":0,"66":0,"67":6},"f":{"0":0,"1":0,"2":0,"3":0,"4":0,"5":0},"b":{"0":[0,0],"1":[0,0],"2":[0,0],"3":[0,0],"4":[0,0],"5":[0,0],"6":[0,0],"7":[0,0],"8":[0,0],"9":[0,0],"10":[0,0],"11":[0,0],"12":[0,0]},"_coverageSchema":"1a1c01bbd47fc00a2c39e90264f33305004495a9","hash":"20db35caf985c8f1ff67e3565e86f0d74bc15024"}
,"F:\\Hieu\\TTS - VMO\\albumManagement\\src\\modules\\users\\user.validation.js": {"path":"F:\\Hieu\\TTS - VMO\\albumManagement\\src\\modules\\users\\user.validation.js","statementMap":{"0":{"start":{"line":1,"column":12},"end":{"line":1,"column":26}},"1":{"start":{"line":2,"column":18},"end":{"line":2,"column":56}},"2":{"start":{"line":3,"column":29},"end":{"line":18,"column":1}},"3":{"start":{"line":4,"column":19},"end":{"line":10,"column":6}},"4":{"start":{"line":11,"column":27},"end":{"line":11,"column":35}},"5":{"start":{"line":12,"column":4},"end":{"line":17,"column":5}},"6":{"start":{"line":13,"column":8},"end":{"line":13,"column":51}},"7":{"start":{"line":14,"column":8},"end":{"line":14,"column":15}},"8":{"start":{"line":16,"column":8},"end":{"line":16,"column":51}},"9":{"start":{"line":20,"column":28},"end":{"line":33,"column":1}},"10":{"start":{"line":21,"column":19},"end":{"line":26,"column":6}},"11":{"start":{"line":27,"column":4},"end":{"line":32,"column":5}},"12":{"start":{"line":28,"column":8},"end":{"line":28,"column":62}},"13":{"start":{"line":29,"column":8},"end":{"line":29,"column":15}},"14":{"start":{"line":31,"column":8},"end":{"line":31,"column":51}},"15":{"start":{"line":35,"column":31},"end":{"line":51,"column":1}},"16":{"start":{"line":36,"column":19},"end":{"line":43,"column":6}},"17":{"start":{"line":44,"column":44},"end":{"line":44,"column":52}},"18":{"start":{"line":45,"column":4},"end":{"line":50,"column":5}},"19":{"start":{"line":46,"column":8},"end":{"line":46,"column":68}},"20":{"start":{"line":47,"column":8},"end":{"line":47,"column":15}},"21":{"start":{"line":49,"column":8},"end":{"line":49,"column":51}},"22":{"start":{"line":53,"column":31},"end":{"line":65,"column":1}},"23":{"start":{"line":54,"column":19},"end":{"line":57,"column":6}},"24":{"start":{"line":58,"column":38},"end":{"line":58,"column":46}},"25":{"start":{"line":59,"column":4},"end":{"line":64,"column":5}},"26":{"start":{"line":60,"column":8},"end":{"line":60,"column":62}},"27":{"start":{"line":61,"column":8},"end":{"line":61,"column":15}},"28":{"start":{"line":63,"column":8},"end":{"line":63,"column":51}},"29":{"start":{"line":67,"column":27},"end":{"line":79,"column":1}},"30":{"start":{"line":68,"column":19},"end":{"line":71,"column":6}},"31":{"start":{"line":72,"column":30},"end":{"line":72,"column":38}},"32":{"start":{"line":73,"column":4},"end":{"line":78,"column":5}},"33":{"start":{"line":74,"column":8},"end":{"line":74,"column":54}},"34":{"start":{"line":75,"column":8},"end":{"line":75,"column":15}},"35":{"start":{"line":77,"column":8},"end":{"line":77,"column":51}},"36":{"start":{"line":81,"column":0},"end":{"line":87,"column":2}}},"fnMap":{"0":{"name":"(anonymous_0)","decl":{"start":{"line":3,"column":29},"end":{"line":3,"column":30}},"loc":{"start":{"line":3,"column":55},"end":{"line":18,"column":1}},"line":3},"1":{"name":"(anonymous_1)","decl":{"start":{"line":20,"column":28},"end":{"line":20,"column":29}},"loc":{"start":{"line":20,"column":54},"end":{"line":33,"column":1}},"line":20},"2":{"name":"(anonymous_2)","decl":{"start":{"line":35,"column":31},"end":{"line":35,"column":32}},"loc":{"start":{"line":35,"column":57},"end":{"line":51,"column":1}},"line":35},"3":{"name":"(anonymous_3)","decl":{"start":{"line":53,"column":31},"end":{"line":53,"column":32}},"loc":{"start":{"line":53,"column":57},"end":{"line":65,"column":1}},"line":53},"4":{"name":"(anonymous_4)","decl":{"start":{"line":67,"column":27},"end":{"line":67,"column":28}},"loc":{"start":{"line":67,"column":53},"end":{"line":79,"column":1}},"line":67}},"branchMap":{},"s":{"0":5,"1":5,"2":5,"3":9,"4":9,"5":9,"6":9,"7":4,"8":5,"9":5,"10":7,"11":7,"12":7,"13":3,"14":4,"15":5,"16":10,"17":10,"18":10,"19":10,"20":3,"21":7,"22":5,"23":10,"24":10,"25":10,"26":10,"27":3,"28":7,"29":5,"30":4,"31":4,"32":4,"33":4,"34":3,"35":1,"36":5},"f":{"0":9,"1":7,"2":10,"3":10,"4":4},"b":{},"_coverageSchema":"1a1c01bbd47fc00a2c39e90264f33305004495a9","hash":"4d273391e0e62f00f08fd948e3a62ec57cc428a9"}
,"F:\\Hieu\\TTS - VMO\\albumManagement\\src\\utils\\function.utils.js": {"path":"F:\\Hieu\\TTS - VMO\\albumManagement\\src\\utils\\function.utils.js","statementMap":{"0":{"start":{"line":1,"column":19},"end":{"line":1,"column":40}},"1":{"start":{"line":2,"column":0},"end":{"line":2,"column":54}},"2":{"start":{"line":3,"column":15},"end":{"line":3,"column":32}},"3":{"start":{"line":5,"column":22},"end":{"line":25,"column":1}},"4":{"start":{"line":6,"column":4},"end":{"line":6,"column":41}},"5":{"start":{"line":7,"column":16},"end":{"line":7,"column":55}},"6":{"start":{"line":8,"column":23},"end":{"line":16,"column":5}},"7":{"start":{"line":17,"column":24},"end":{"line":17,"column":62}},"8":{"start":{"line":18,"column":4},"end":{"line":23,"column":7}},"9":{"start":{"line":24,"column":4},"end":{"line":24,"column":15}},"10":{"start":{"line":27,"column":21},"end":{"line":29,"column":1}},"11":{"start":{"line":28,"column":4},"end":{"line":28,"column":73}},"12":{"start":{"line":31,"column":0},"end":{"line":31,"column":49}}},"fnMap":{"0":{"name":"(anonymous_0)","decl":{"start":{"line":5,"column":22},"end":{"line":5,"column":23}},"loc":{"start":{"line":5,"column":39},"end":{"line":25,"column":1}},"line":5},"1":{"name":"(anonymous_1)","decl":{"start":{"line":27,"column":21},"end":{"line":27,"column":22}},"loc":{"start":{"line":27,"column":35},"end":{"line":29,"column":1}},"line":27}},"branchMap":{},"s":{"0":7,"1":7,"2":7,"3":7,"4":0,"5":0,"6":0,"7":0,"8":0,"9":0,"10":7,"11":3,"12":7},"f":{"0":0,"1":3},"b":{},"_coverageSchema":"1a1c01bbd47fc00a2c39e90264f33305004495a9","hash":"f0887f2b5dd79905c35ffc35d7402d4e52f419ac"}
,"F:\\Hieu\\TTS - VMO\\albumManagement\\src\\utils\\middleware.utils.js": {"path":"F:\\Hieu\\TTS - VMO\\albumManagement\\src\\utils\\middleware.utils.js","statementMap":{"0":{"start":{"line":1,"column":18},"end":{"line":1,"column":53}},"1":{"start":{"line":2,"column":0},"end":{"line":2,"column":54}},"2":{"start":{"line":3,"column":12},"end":{"line":3,"column":35}},"3":{"start":{"line":5,"column":19},"end":{"line":20,"column":1}},"4":{"start":{"line":6,"column":18},"end":{"line":6,"column":57}},"5":{"start":{"line":7,"column":4},"end":{"line":19,"column":5}},"6":{"start":{"line":8,"column":8},"end":{"line":16,"column":9}},"7":{"start":{"line":9,"column":12},"end":{"line":9,"column":63}},"8":{"start":{"line":10,"column":28},"end":{"line":10,"column":45}},"9":{"start":{"line":11,"column":12},"end":{"line":11,"column":43}},"10":{"start":{"line":12,"column":12},"end":{"line":12,"column":45}},"11":{"start":{"line":13,"column":12},"end":{"line":13,"column":19}},"12":{"start":{"line":15,"column":12},"end":{"line":15,"column":56}},"13":{"start":{"line":18,"column":8},"end":{"line":18,"column":52}},"14":{"start":{"line":22,"column":0},"end":{"line":22,"column":32}}},"fnMap":{"0":{"name":"(anonymous_0)","decl":{"start":{"line":5,"column":19},"end":{"line":5,"column":20}},"loc":{"start":{"line":5,"column":39},"end":{"line":20,"column":1}},"line":5}},"branchMap":{"0":{"loc":{"start":{"line":7,"column":4},"end":{"line":19,"column":5}},"type":"if","locations":[{"start":{"line":7,"column":4},"end":{"line":19,"column":5}},{"start":{"line":17,"column":11},"end":{"line":19,"column":5}}],"line":7}},"s":{"0":5,"1":5,"2":5,"3":5,"4":0,"5":0,"6":0,"7":0,"8":0,"9":0,"10":0,"11":0,"12":0,"13":0,"14":5},"f":{"0":0},"b":{"0":[0,0]},"_coverageSchema":"1a1c01bbd47fc00a2c39e90264f33305004495a9","hash":"90049fde4e1b44196d963785b704249b8c3d0916"}
,"F:\\Hieu\\TTS - VMO\\albumManagement\\src\\utils\\upload.utils.js": {"path":"F:\\Hieu\\TTS - VMO\\albumManagement\\src\\utils\\upload.utils.js","statementMap":{"0":{"start":{"line":1,"column":15},"end":{"line":1,"column":32}},"1":{"start":{"line":2,"column":13},"end":{"line":2,"column":28}},"2":{"start":{"line":4,"column":19},"end":{"line":15,"column":1}},"3":{"start":{"line":5,"column":20},"end":{"line":5,"column":65}},"4":{"start":{"line":6,"column":4},"end":{"line":14,"column":5}},"5":{"start":{"line":7,"column":8},"end":{"line":11,"column":9}},"6":{"start":{"line":8,"column":12},"end":{"line":8,"column":27}},"7":{"start":{"line":10,"column":12},"end":{"line":10,"column":28}},"8":{"start":{"line":13,"column":8},"end":{"line":13,"column":54}},"9":{"start":{"line":17,"column":16},"end":{"line":24,"column":2}},"10":{"start":{"line":19,"column":8},"end":{"line":19,"column":46}},"11":{"start":{"line":22,"column":8},"end":{"line":22,"column":109}},"12":{"start":{"line":26,"column":21},"end":{"line":26,"column":61}},"13":{"start":{"line":28,"column":0},"end":{"line":28,"column":34}}},"fnMap":{"0":{"name":"(anonymous_0)","decl":{"start":{"line":4,"column":19},"end":{"line":4,"column":20}},"loc":{"start":{"line":4,"column":38},"end":{"line":15,"column":1}},"line":4},"1":{"name":"(anonymous_1)","decl":{"start":{"line":18,"column":17},"end":{"line":18,"column":18}},"loc":{"start":{"line":18,"column":42},"end":{"line":20,"column":5}},"line":18},"2":{"name":"(anonymous_2)","decl":{"start":{"line":21,"column":14},"end":{"line":21,"column":15}},"loc":{"start":{"line":21,"column":39},"end":{"line":23,"column":5}},"line":21}},"branchMap":{"0":{"loc":{"start":{"line":7,"column":8},"end":{"line":11,"column":9}},"type":"if","locations":[{"start":{"line":7,"column":8},"end":{"line":11,"column":9}},{"start":{"line":9,"column":15},"end":{"line":11,"column":9}}],"line":7},"1":{"loc":{"start":{"line":7,"column":12},"end":{"line":7,"column":75}},"type":"binary-expr","locations":[{"start":{"line":7,"column":12},"end":{"line":7,"column":30}},{"start":{"line":7,"column":34},"end":{"line":7,"column":53}},{"start":{"line":7,"column":57},"end":{"line":7,"column":75}}],"line":7}},"s":{"0":5,"1":5,"2":5,"3":0,"4":0,"5":0,"6":0,"7":0,"8":0,"9":5,"10":0,"11":0,"12":5,"13":5},"f":{"0":0,"1":0,"2":0},"b":{"0":[0,0],"1":[0,0,0]},"_coverageSchema":"1a1c01bbd47fc00a2c39e90264f33305004495a9","hash":"97dd3ed5dfdf4a71d03f9d7f0a47852789789ac6"}
}
