TN:
SF:app.js
FN:45,(anonymous_0)
FN:53,(anonymous_1)
FNF:2
FNH:2
FNDA:91,(anonymous_0)
FNDA:5,(anonymous_1)
DA:1,5
DA:2,5
DA:3,5
DA:4,5
DA:5,5
DA:6,5
DA:7,5
DA:8,5
DA:9,5
DA:10,5
DA:11,5
DA:12,5
DA:13,5
DA:15,5
DA:16,5
DA:17,5
DA:18,5
DA:19,5
DA:20,5
DA:21,5
DA:22,5
DA:23,5
DA:25,5
DA:42,5
DA:43,5
DA:45,5
DA:46,91
DA:48,0
DA:49,0
DA:53,5
DA:54,5
DA:57,5
LF:32
LH:30
BRDA:46,0,0,91
BRDA:46,0,1,0
BRF:2
BRH:1
end_of_record
TN:
SF:src\commons\errorHandling.js
FN:2,(anonymous_0)
FNF:1
FNH:1
FNDA:135,(anonymous_0)
DA:3,135
DA:4,135
DA:5,135
DA:6,135
DA:10,14
LF:5
LH:5
BRF:0
BRH:0
end_of_record
TN:
SF:src\configs\database.config.js
FN:3,(anonymous_0)
FNF:1
FNH:1
FNDA:5,(anonymous_0)
DA:1,5
DA:2,5
DA:3,5
DA:4,5
DA:5,5
DA:10,0
DA:13,5
LF:7
LH:6
BRF:0
BRH:0
end_of_record
TN:
SF:src\modules\albums\album.controller.js
FN:4,(anonymous_0)
FN:15,(anonymous_1)
FN:30,(anonymous_2)
FN:42,(anonymous_3)
FNF:4
FNH:4
FNDA:4,(anonymous_0)
FNDA:3,(anonymous_1)
FNDA:4,(anonymous_2)
FNDA:3,(anonymous_3)
DA:1,5
DA:2,5
DA:4,5
DA:5,4
DA:6,4
DA:7,4
DA:8,1
DA:10,3
DA:11,3
DA:15,5
DA:16,3
DA:17,3
DA:18,3
DA:19,2
DA:20,1
DA:22,1
DA:25,1
DA:26,1
DA:30,5
DA:31,4
DA:32,4
DA:33,4
DA:34,4
DA:35,1
DA:37,3
DA:38,3
DA:42,5
DA:43,3
DA:44,3
DA:45,3
DA:46,3
DA:47,2
DA:48,1
DA:50,1
DA:53,1
DA:54,1
DA:58,5
LF:37
LH:37
BRDA:19,0,0,1
BRDA:19,0,1,1
BRDA:47,1,0,1
BRDA:47,1,1,1
BRF:4
BRH:4
end_of_record
TN:
SF:src\modules\albums\album.model.js
FN:13,(anonymous_0)
FN:19,(anonymous_1)
FNF:2
FNH:0
FNDA:0,(anonymous_0)
FNDA:0,(anonymous_1)
DA:1,8
DA:2,8
DA:4,8
DA:13,0
DA:19,0
DA:27,8
LF:6
LH:4
BRF:0
BRH:0
end_of_record
TN:
SF:src\modules\albums\album.repository.js
FN:3,(anonymous_0)
FN:7,(anonymous_1)
FN:11,(anonymous_2)
FN:18,(anonymous_3)
FN:30,(anonymous_4)
FNF:5
FNH:0
FNDA:0,(anonymous_0)
FNDA:0,(anonymous_1)
FNDA:0,(anonymous_2)
FNDA:0,(anonymous_3)
FNDA:0,(anonymous_4)
DA:1,8
DA:3,8
DA:4,0
DA:7,8
DA:8,0
DA:11,8
DA:12,0
DA:18,8
DA:19,0
DA:30,8
DA:31,0
DA:34,8
LF:12
LH:7
BRF:0
BRH:0
end_of_record
TN:
SF:src\modules\albums\album.route.js
FNF:0
FNH:0
DA:1,5
DA:2,5
DA:3,5
DA:4,5
DA:122,5
DA:123,5
DA:124,5
DA:125,5
DA:127,5
LF:9
LH:9
BRF:0
BRH:0
end_of_record
TN:
SF:src\modules\albums\album.service.js
FN:7,(anonymous_0)
FN:26,(anonymous_1)
FN:38,(anonymous_2)
FN:58,(anonymous_3)
FNF:4
FNH:0
FNDA:0,(anonymous_0)
FNDA:0,(anonymous_1)
FNDA:0,(anonymous_2)
FNDA:0,(anonymous_3)
DA:1,5
DA:2,5
DA:3,5
DA:4,5
DA:5,5
DA:7,5
DA:8,0
DA:9,0
DA:10,0
DA:11,0
DA:13,0
DA:14,0
DA:15,0
DA:18,0
DA:19,0
DA:21,0
DA:26,5
DA:27,0
DA:28,0
DA:30,0
DA:31,0
DA:33,0
DA:38,5
DA:39,0
DA:40,0
DA:41,0
DA:42,0
DA:44,0
DA:45,0
DA:46,0
DA:48,0
DA:50,0
DA:51,0
DA:53,0
DA:58,5
DA:59,0
DA:60,0
DA:61,0
DA:62,0
DA:63,0
DA:65,0
DA:71,0
DA:72,0
DA:74,0
DA:79,5
LF:45
LH:10
BRDA:10,0,0,0
BRDA:10,0,1,0
BRDA:14,1,0,0
BRDA:14,1,1,0
BRDA:18,2,0,0
BRDA:18,2,1,0
BRDA:30,3,0,0
BRDA:30,3,1,0
BRDA:41,4,0,0
BRDA:41,4,1,0
BRDA:45,5,0,0
BRDA:45,5,1,0
BRDA:50,6,0,0
BRDA:50,6,1,0
BRDA:62,7,0,0
BRDA:62,7,1,0
BRDA:66,8,0,0
BRDA:66,8,1,0
BRDA:66,8,2,0
BRDA:71,9,0,0
BRDA:71,9,1,0
BRF:21
BRH:0
end_of_record
TN:
SF:src\modules\auth\auth.controller.js
FN:4,(anonymous_0)
FN:16,(anonymous_1)
FNF:2
FNH:2
FNDA:5,(anonymous_0)
FNDA:3,(anonymous_1)
DA:1,5
DA:2,5
DA:4,5
DA:5,5
DA:6,5
DA:7,5
DA:8,1
DA:9,1
DA:11,4
DA:12,4
DA:16,5
DA:17,3
DA:18,3
DA:19,3
DA:20,3
DA:21,1
DA:27,2
DA:28,2
DA:32,5
LF:19
LH:19
BRF:0
BRH:0
end_of_record
TN:
SF:src\modules\auth\auth.route.js
FNF:0
FNH:0
DA:1,5
DA:2,5
DA:3,5
DA:4,5
DA:5,5
DA:66,5
DA:68,5
DA:70,5
LF:8
LH:8
BRF:0
BRH:0
end_of_record
TN:
SF:src\modules\auth\auth.service.js
FN:7,(anonymous_0)
FN:35,(anonymous_1)
FNF:2
FNH:0
FNDA:0,(anonymous_0)
FNDA:0,(anonymous_1)
DA:1,5
DA:2,5
DA:3,5
DA:4,5
DA:5,5
DA:7,5
DA:8,0
DA:9,0
DA:10,0
DA:11,0
DA:13,0
DA:14,0
DA:27,0
DA:30,0
DA:31,0
DA:35,5
DA:36,0
DA:37,0
DA:39,0
DA:43,5
LF:20
LH:8
BRDA:10,0,0,0
BRDA:10,0,1,0
BRDA:13,1,0,0
BRDA:13,1,1,0
BRDA:30,2,0,0
BRDA:30,2,1,0
BRF:6
BRH:0
end_of_record
TN:
SF:src\modules\auth\auth.validation.js
FN:3,(anonymous_0)
FN:29,(anonymous_1)
FNF:2
FNH:2
FNDA:9,(anonymous_0)
FNDA:10,(anonymous_1)
DA:1,5
DA:2,5
DA:3,5
DA:4,9
DA:14,9
DA:15,9
DA:16,9
DA:23,3
DA:25,6
DA:29,5
DA:30,10
DA:41,10
DA:42,10
DA:43,10
DA:44,5
DA:46,5
DA:50,5
LF:17
LH:17
BRDA:32,0,0,10
BRDA:32,0,1,0
BRF:2
BRH:1
end_of_record
TN:
SF:src\modules\photos\photo.controller.js
FN:7,(anonymous_0)
FN:27,(anonymous_1)
FN:42,(anonymous_2)
FN:56,(anonymous_3)
FN:67,(anonymous_4)
FNF:5
FNH:4
FNDA:0,(anonymous_0)
FNDA:4,(anonymous_1)
FNDA:3,(anonymous_2)
FNDA:4,(anonymous_3)
FNDA:4,(anonymous_4)
DA:1,5
DA:2,5
DA:3,5
DA:4,5
DA:5,5
DA:7,5
DA:8,0
DA:9,0
DA:11,0
DA:12,0
DA:13,0
DA:14,0
DA:15,0
DA:16,0
DA:17,0
DA:19,0
DA:22,0
DA:23,0
DA:27,5
DA:28,4
DA:29,4
DA:30,4
DA:31,2
DA:32,1
DA:34,1
DA:37,2
DA:38,2
DA:42,5
DA:43,3
DA:44,3
DA:45,2
DA:46,1
DA:48,1
DA:51,1
DA:52,1
DA:56,5
DA:57,4
DA:58,4
DA:59,4
DA:60,1
DA:62,3
DA:63,3
DA:67,5
DA:68,4
DA:69,4
DA:70,4
DA:71,1
DA:73,3
DA:74,3
DA:78,5
LF:50
LH:38
BRDA:8,0,0,0
BRDA:8,0,1,0
BRDA:16,1,0,0
BRDA:16,1,1,0
BRDA:31,2,0,1
BRDA:31,2,1,1
BRDA:45,3,0,1
BRDA:45,3,1,1
BRF:8
BRH:4
end_of_record
TN:
SF:src\modules\photos\photo.model.js
FN:20,(anonymous_0)
FN:26,(anonymous_1)
FNF:2
FNH:0
FNDA:0,(anonymous_0)
FNDA:0,(anonymous_1)
DA:1,6
DA:2,6
DA:4,6
DA:20,0
DA:26,0
DA:39,6
LF:6
LH:4
BRF:0
BRH:0
end_of_record
TN:
SF:src\modules\photos\photo.repository.js
FN:3,(anonymous_0)
FN:7,(anonymous_1)
FN:11,(anonymous_2)
FN:22,(anonymous_3)
FN:26,(anonymous_4)
FN:30,(anonymous_5)
FN:34,(anonymous_6)
FN:38,(anonymous_7)
FN:42,(anonymous_8)
FN:51,(anonymous_9)
FNF:10
FNH:0
FNDA:0,(anonymous_0)
FNDA:0,(anonymous_1)
FNDA:0,(anonymous_2)
FNDA:0,(anonymous_3)
FNDA:0,(anonymous_4)
FNDA:0,(anonymous_5)
FNDA:0,(anonymous_6)
FNDA:0,(anonymous_7)
FNDA:0,(anonymous_8)
FNDA:0,(anonymous_9)
DA:1,6
DA:3,6
DA:4,0
DA:7,6
DA:8,0
DA:11,6
DA:12,0
DA:22,6
DA:23,0
DA:26,6
DA:27,0
DA:30,6
DA:31,0
DA:34,6
DA:35,0
DA:38,6
DA:39,0
DA:42,6
DA:43,0
DA:51,6
DA:52,0
DA:60,6
LF:22
LH:12
BRDA:52,0,0,0
BRDA:52,0,1,0
BRF:2
BRH:0
end_of_record
TN:
SF:src\modules\photos\photo.route.js
FNF:0
FNH:0
DA:1,5
DA:2,5
DA:3,5
DA:4,5
DA:5,5
DA:154,5
DA:155,5
DA:156,5
DA:157,5
DA:158,5
DA:160,5
LF:11
LH:11
BRF:0
BRH:0
end_of_record
TN:
SF:src\modules\photos\photo.service.js
FN:8,(anonymous_0)
FN:10,(anonymous_1)
FN:20,(anonymous_2)
FN:31,(anonymous_3)
FN:38,(anonymous_4)
FN:42,(anonymous_5)
FN:64,(anonymous_6)
FN:79,(anonymous_7)
FN:87,(anonymous_8)
FN:113,(anonymous_9)
FN:126,(anonymous_10)
FN:155,(anonymous_11)
FN:168,(anonymous_12)
FNF:13
FNH:0
FNDA:0,(anonymous_0)
FNDA:0,(anonymous_1)
FNDA:0,(anonymous_2)
FNDA:0,(anonymous_3)
FNDA:0,(anonymous_4)
FNDA:0,(anonymous_5)
FNDA:0,(anonymous_6)
FNDA:0,(anonymous_7)
FNDA:0,(anonymous_8)
FNDA:0,(anonymous_9)
FNDA:0,(anonymous_10)
FNDA:0,(anonymous_11)
FNDA:0,(anonymous_12)
DA:1,6
DA:2,6
DA:3,6
DA:4,6
DA:5,6
DA:6,6
DA:8,6
DA:9,0
DA:10,0
DA:11,0
DA:20,0
DA:21,0
DA:22,0
DA:23,0
DA:24,0
DA:26,0
DA:29,0
DA:31,0
DA:32,0
DA:34,0
DA:38,6
DA:39,0
DA:40,0
DA:41,0
DA:42,0
DA:43,0
DA:51,0
DA:52,0
DA:53,0
DA:54,0
DA:55,0
DA:56,0
DA:58,0
DA:61,0
DA:62,0
DA:64,0
DA:65,0
DA:67,0
DA:70,0
DA:71,0
DA:72,0
DA:74,0
DA:79,6
DA:80,0
DA:81,0
DA:83,0
DA:87,6
DA:88,0
DA:89,0
DA:90,0
DA:91,0
DA:96,0
DA:97,0
DA:98,0
DA:99,0
DA:101,0
DA:103,0
DA:105,0
DA:108,0
DA:109,0
DA:113,6
DA:114,0
DA:115,0
DA:116,0
DA:117,0
DA:119,0
DA:121,0
DA:122,0
DA:126,6
DA:127,0
DA:128,0
DA:129,0
DA:130,0
DA:134,0
DA:138,0
DA:139,0
DA:141,0
DA:144,0
DA:147,0
DA:150,0
DA:151,0
DA:155,6
DA:156,0
DA:157,0
DA:158,0
DA:160,0
DA:163,0
DA:164,0
DA:168,6
DA:169,0
DA:170,0
DA:172,0
DA:173,0
DA:177,6
LF:94
LH:15
BRDA:22,0,0,0
BRDA:22,0,1,0
BRDA:41,1,0,0
BRDA:41,1,1,0
BRDA:54,2,0,0
BRDA:54,2,1,0
BRDA:61,3,0,0
BRDA:61,3,1,0
BRDA:71,4,0,0
BRDA:71,4,1,0
BRDA:80,5,0,0
BRDA:80,5,1,0
BRDA:91,6,0,0
BRDA:91,6,1,0
BRDA:92,7,0,0
BRDA:92,7,1,0
BRDA:92,7,2,0
BRDA:92,7,3,0
BRDA:108,8,0,0
BRDA:108,8,1,0
BRDA:121,9,0,0
BRDA:121,9,1,0
BRDA:130,10,0,0
BRDA:130,10,1,0
BRDA:131,11,0,0
BRDA:131,11,1,0
BRDA:131,11,2,0
BRDA:134,12,0,0
BRDA:134,12,1,0
BRDA:135,13,0,0
BRDA:135,13,1,0
BRDA:135,13,2,0
BRDA:135,13,3,0
BRDA:150,14,0,0
BRDA:150,14,1,0
BRDA:157,15,0,0
BRDA:157,15,1,0
BRDA:163,16,0,0
BRDA:163,16,1,0
BRDA:172,17,0,0
BRDA:172,17,1,0
BRF:41
BRH:0
end_of_record
TN:
SF:src\modules\userAlbums\userAlbum.model.js
FNF:0
FNH:0
DA:1,8
DA:2,8
DA:4,8
DA:19,8
LF:4
LH:4
BRF:0
BRH:0
end_of_record
TN:
SF:src\modules\userAlbums\userAlbums.controller.js
FN:4,(anonymous_0)
FN:15,(anonymous_1)
FN:30,(anonymous_2)
FN:41,(anonymous_3)
FNF:4
FNH:4
FNDA:5,(anonymous_0)
FNDA:4,(anonymous_1)
FNDA:5,(anonymous_2)
FNDA:6,(anonymous_3)
DA:1,5
DA:2,5
DA:4,5
DA:5,5
DA:6,5
DA:7,1
DA:9,4
DA:10,4
DA:11,4
DA:15,5
DA:16,4
DA:17,4
DA:18,4
DA:19,2
DA:20,1
DA:22,1
DA:25,2
DA:26,2
DA:30,5
DA:31,5
DA:32,5
DA:33,5
DA:34,1
DA:36,4
DA:37,4
DA:41,5
DA:42,6
DA:43,6
DA:44,6
DA:45,1
DA:47,5
DA:48,5
DA:52,5
LF:33
LH:33
BRDA:19,0,0,1
BRDA:19,0,1,1
BRF:2
BRH:2
end_of_record
TN:
SF:src\modules\userAlbums\userAlbums.repository.js
FN:5,(anonymous_0)
FN:13,(anonymous_1)
FN:18,(anonymous_2)
FN:22,(anonymous_3)
FN:27,(anonymous_4)
FN:31,(anonymous_5)
FN:38,(anonymous_6)
FN:45,(anonymous_7)
FN:47,(anonymous_8)
FN:50,(anonymous_9)
FN:52,(anonymous_10)
FNF:11
FNH:0
FNDA:0,(anonymous_0)
FNDA:0,(anonymous_1)
FNDA:0,(anonymous_2)
FNDA:0,(anonymous_3)
FNDA:0,(anonymous_4)
FNDA:0,(anonymous_5)
FNDA:0,(anonymous_6)
FNDA:0,(anonymous_7)
FNDA:0,(anonymous_8)
FNDA:0,(anonymous_9)
FNDA:0,(anonymous_10)
DA:1,8
DA:2,8
DA:3,8
DA:5,8
DA:6,0
DA:13,8
DA:14,0
DA:15,0
DA:16,0
DA:18,0
DA:22,8
DA:23,0
DA:24,0
DA:27,8
DA:28,0
DA:31,8
DA:32,0
DA:38,8
DA:39,0
DA:45,8
DA:46,0
DA:47,0
DA:50,8
DA:51,0
DA:52,0
DA:55,8
LF:26
LH:12
BRDA:15,0,0,0
BRDA:15,0,1,0
BRDA:47,1,0,0
BRDA:47,1,1,0
BRDA:52,2,0,0
BRDA:52,2,1,0
BRF:6
BRH:0
end_of_record
TN:
SF:src\modules\userAlbums\userAlbums.route.js
FNF:0
FNH:0
DA:1,5
DA:2,5
DA:3,5
DA:4,5
DA:5,5
DA:142,5
DA:143,5
DA:144,5
DA:145,5
DA:147,5
LF:10
LH:10
BRF:0
BRH:0
end_of_record
TN:
SF:src\modules\userAlbums\userAlbums.service.js
FN:6,(anonymous_0)
FN:22,(anonymous_1)
FN:30,(anonymous_2)
FN:55,(anonymous_3)
FN:79,(anonymous_4)
FNF:5
FNH:0
FNDA:0,(anonymous_0)
FNDA:0,(anonymous_1)
FNDA:0,(anonymous_2)
FNDA:0,(anonymous_3)
FNDA:0,(anonymous_4)
DA:1,6
DA:2,6
DA:3,6
DA:4,6
DA:6,6
DA:7,0
DA:8,0
DA:9,0
DA:10,0
DA:11,0
DA:12,0
DA:14,0
DA:15,0
DA:17,0
DA:22,6
DA:23,0
DA:24,0
DA:26,0
DA:30,6
DA:31,0
DA:32,0
DA:33,0
DA:34,0
DA:35,0
DA:36,0
DA:37,0
DA:39,0
DA:40,0
DA:42,0
DA:43,0
DA:44,0
DA:45,0
DA:47,0
DA:48,0
DA:50,0
DA:55,6
DA:56,0
DA:57,0
DA:58,0
DA:59,0
DA:60,0
DA:61,0
DA:62,0
DA:63,0
DA:65,0
DA:66,0
DA:68,0
DA:69,0
DA:71,0
DA:72,0
DA:74,0
DA:79,6
DA:80,0
DA:81,0
DA:82,0
DA:83,0
DA:84,0
DA:85,0
DA:86,0
DA:87,0
DA:89,0
DA:90,0
DA:92,0
DA:93,0
DA:94,0
DA:96,0
DA:97,0
DA:99,0
DA:101,0
DA:102,0
DA:104,0
DA:109,6
LF:72
LH:10
BRDA:10,0,0,0
BRDA:10,0,1,0
BRDA:14,1,0,0
BRDA:14,1,1,0
BRDA:34,2,0,0
BRDA:34,2,1,0
BRDA:36,3,0,0
BRDA:36,3,1,0
BRDA:39,4,0,0
BRDA:39,4,1,0
BRDA:47,5,0,0
BRDA:47,5,1,0
BRDA:60,6,0,0
BRDA:60,6,1,0
BRDA:62,7,0,0
BRDA:62,7,1,0
BRDA:65,8,0,0
BRDA:65,8,1,0
BRDA:71,9,0,0
BRDA:71,9,1,0
BRDA:84,10,0,0
BRDA:84,10,1,0
BRDA:86,11,0,0
BRDA:86,11,1,0
BRDA:89,12,0,0
BRDA:89,12,1,0
BRDA:93,13,0,0
BRDA:93,13,1,0
BRDA:101,14,0,0
BRDA:101,14,1,0
BRF:30
BRH:0
end_of_record
TN:
SF:src\modules\userAlbums\userAlbums.validation.js
FN:3,(anonymous_0)
FN:17,(anonymous_1)
FNF:2
FNH:2
FNDA:9,(anonymous_0)
FNDA:17,(anonymous_1)
DA:1,5
DA:2,5
DA:3,5
DA:4,9
DA:8,9
DA:9,9
DA:10,9
DA:11,5
DA:13,4
DA:17,5
DA:18,17
DA:21,17
DA:22,17
DA:23,17
DA:24,11
DA:26,6
DA:30,5
LF:17
LH:17
BRF:0
BRH:0
end_of_record
TN:
SF:src\modules\users\user.controller.js
FN:5,(anonymous_0)
FN:24,(anonymous_1)
FN:33,(anonymous_2)
FN:48,(anonymous_3)
FN:63,(anonymous_4)
FNF:5
FNH:5
FNDA:4,(anonymous_0)
FNDA:3,(anonymous_1)
FNDA:3,(anonymous_2)
FNDA:3,(anonymous_3)
FNDA:3,(anonymous_4)
DA:2,5
DA:3,5
DA:5,5
DA:6,4
DA:7,4
DA:8,4
DA:9,2
DA:10,1
DA:16,1
DA:19,2
DA:20,2
DA:24,5
DA:25,3
DA:26,3
DA:27,1
DA:29,2
DA:30,2
DA:33,5
DA:34,3
DA:35,3
DA:36,3
DA:37,2
DA:38,1
DA:40,1
DA:43,1
DA:44,1
DA:48,5
DA:49,3
DA:50,3
DA:51,3
DA:52,2
DA:53,1
DA:55,1
DA:58,1
DA:59,1
DA:63,5
DA:64,3
DA:65,3
DA:66,3
DA:67,1
DA:69,2
DA:70,2
DA:74,5
LF:43
LH:43
BRDA:9,0,0,1
BRDA:9,0,1,1
BRDA:37,1,0,1
BRDA:37,1,1,1
BRDA:52,2,0,1
BRDA:52,2,1,1
BRF:6
BRH:6
end_of_record
TN:
SF:src\modules\users\user.model.js
FN:31,(anonymous_0)
FN:37,(anonymous_1)
FNF:2
FNH:0
FNDA:0,(anonymous_0)
FNDA:0,(anonymous_1)
DA:1,10
DA:2,10
DA:4,10
DA:31,0
DA:37,0
DA:51,10
LF:6
LH:4
BRF:0
BRH:0
end_of_record
TN:
SF:src\modules\users\user.repository.js
FN:3,(anonymous_0)
FN:15,(anonymous_1)
FN:28,(anonymous_2)
FN:32,(anonymous_3)
FN:36,(anonymous_4)
FNF:5
FNH:0
FNDA:0,(anonymous_0)
FNDA:0,(anonymous_1)
FNDA:0,(anonymous_2)
FNDA:0,(anonymous_3)
FNDA:0,(anonymous_4)
DA:1,10
DA:3,10
DA:4,0
DA:15,10
DA:16,0
DA:28,10
DA:29,0
DA:32,10
DA:33,0
DA:36,10
DA:37,0
DA:46,10
LF:12
LH:7
BRDA:4,0,0,0
BRDA:4,0,1,0
BRDA:17,1,0,0
BRDA:17,1,1,0
BRDA:33,2,0,0
BRDA:33,2,1,0
BRF:6
BRH:0
end_of_record
TN:
SF:src\modules\users\user.route.js
FNF:0
FNH:0
DA:1,5
DA:2,5
DA:3,5
DA:4,5
DA:11,5
DA:142,5
DA:143,5
DA:144,5
DA:145,5
DA:146,5
DA:147,5
LF:11
LH:11
BRF:0
BRH:0
end_of_record
TN:
SF:src\modules\users\user.service.js
FN:5,(anonymous_0)
FN:28,(anonymous_1)
FN:42,(anonymous_2)
FN:61,(anonymous_3)
FN:80,(anonymous_4)
FN:99,(anonymous_5)
FNF:6
FNH:0
FNDA:0,(anonymous_0)
FNDA:0,(anonymous_1)
FNDA:0,(anonymous_2)
FNDA:0,(anonymous_3)
FNDA:0,(anonymous_4)
FNDA:0,(anonymous_5)
DA:1,6
DA:2,6
DA:3,6
DA:5,6
DA:6,0
DA:7,0
DA:8,0
DA:9,0
DA:11,0
DA:12,0
DA:13,0
DA:14,0
DA:15,0
DA:17,0
DA:20,0
DA:21,0
DA:23,0
DA:28,6
DA:29,0
DA:30,0
DA:31,0
DA:32,0
DA:34,0
DA:35,0
DA:37,0
DA:42,6
DA:43,0
DA:44,0
DA:45,0
DA:46,0
DA:47,0
DA:48,0
DA:50,0
DA:53,0
DA:54,0
DA:56,0
DA:61,6
DA:62,0
DA:63,0
DA:64,0
DA:65,0
DA:66,0
DA:67,0
DA:69,0
DA:72,0
DA:73,0
DA:75,0
DA:80,6
DA:81,0
DA:82,0
DA:83,0
DA:84,0
DA:85,0
DA:86,0
DA:88,0
DA:91,0
DA:92,0
DA:94,0
DA:99,6
DA:100,0
DA:101,0
DA:102,0
DA:103,0
DA:104,0
DA:106,0
DA:107,0
DA:109,0
DA:114,6
LF:68
LH:10
BRDA:8,0,0,0
BRDA:8,0,1,0
BRDA:12,1,0,0
BRDA:12,1,1,0
BRDA:20,2,0,0
BRDA:20,2,1,0
BRDA:34,3,0,0
BRDA:34,3,1,0
BRDA:45,4,0,0
BRDA:45,4,1,0
BRDA:53,5,0,0
BRDA:53,5,1,0
BRDA:64,6,0,0
BRDA:64,6,1,0
BRDA:72,7,0,0
BRDA:72,7,1,0
BRDA:83,8,0,0
BRDA:83,8,1,0
BRDA:91,9,0,0
BRDA:91,9,1,0
BRDA:102,10,0,0
BRDA:102,10,1,0
BRDA:103,11,0,0
BRDA:103,11,1,0
BRDA:106,12,0,0
BRDA:106,12,1,0
BRF:26
BRH:0
end_of_record
TN:
SF:src\modules\users\user.validation.js
FN:3,(anonymous_0)
FN:20,(anonymous_1)
FN:35,(anonymous_2)
FN:53,(anonymous_3)
FN:67,(anonymous_4)
FNF:5
FNH:5
FNDA:9,(anonymous_0)
FNDA:7,(anonymous_1)
FNDA:10,(anonymous_2)
FNDA:10,(anonymous_3)
FNDA:4,(anonymous_4)
DA:1,5
DA:2,5
DA:3,5
DA:4,9
DA:11,9
DA:12,9
DA:13,9
DA:14,4
DA:16,5
DA:20,5
DA:21,7
DA:27,7
DA:28,7
DA:29,3
DA:31,4
DA:35,5
DA:36,10
DA:44,10
DA:45,10
DA:46,10
DA:47,3
DA:49,7
DA:53,5
DA:54,10
DA:58,10
DA:59,10
DA:60,10
DA:61,3
DA:63,7
DA:67,5
DA:68,4
DA:72,4
DA:73,4
DA:74,4
DA:75,3
DA:77,1
DA:81,5
LF:37
LH:37
BRF:0
BRH:0
end_of_record
TN:
SF:src\utils\function.utils.js
FN:5,(anonymous_0)
FN:27,(anonymous_1)
FNF:2
FNH:1
FNDA:0,(anonymous_0)
FNDA:3,(anonymous_1)
DA:1,7
DA:2,7
DA:3,7
DA:5,7
DA:6,0
DA:7,0
DA:8,0
DA:17,0
DA:18,0
DA:24,0
DA:27,7
DA:28,3
DA:31,7
LF:13
LH:7
BRF:0
BRH:0
end_of_record
TN:
SF:src\utils\middleware.utils.js
FN:5,(anonymous_0)
FNF:1
FNH:0
FNDA:0,(anonymous_0)
DA:1,5
DA:2,5
DA:3,5
DA:5,5
DA:6,0
DA:7,0
DA:8,0
DA:9,0
DA:10,0
DA:11,0
DA:12,0
DA:13,0
DA:15,0
DA:18,0
DA:22,5
LF:15
LH:5
BRDA:7,0,0,0
BRDA:7,0,1,0
BRF:2
BRH:0
end_of_record
TN:
SF:src\utils\upload.utils.js
FN:4,(anonymous_0)
FN:18,(anonymous_1)
FN:21,(anonymous_2)
FNF:3
FNH:0
FNDA:0,(anonymous_0)
FNDA:0,(anonymous_1)
FNDA:0,(anonymous_2)
DA:1,5
DA:2,5
DA:4,5
DA:5,0
DA:6,0
DA:7,0
DA:8,0
DA:10,0
DA:13,0
DA:17,5
DA:19,0
DA:22,0
DA:26,5
DA:28,5
LF:14
LH:6
BRDA:7,0,0,0
BRDA:7,0,1,0
BRDA:7,1,0,0
BRDA:7,1,1,0
BRDA:7,1,2,0
BRF:5
BRH:0
end_of_record
